info: ::1 - - [15/Feb/2023:02:57:37 +0000] "GET /api/v1/users/63eb3c629a7cb90ac854a4b8 HTTP/1.1" 200 220 "-" "PostmanRuntime/7.31.0"

info: ::1 - - [15/Feb/2023:02:58:40 +0000] "PUT /api/v1/users/63eb3c629a7cb90ac854a4b8 HTTP/1.1" 202 220 "-" "PostmanRuntime/7.31.0"

info: ::1 - - [15/Feb/2023:02:58:48 +0000] "GET /api/v1/users/63eb3c629a7cb90ac854a4b8 HTTP/1.1" 200 220 "-" "PostmanRuntime/7.31.0"

info: ::1 - - [15/Feb/2023:03:08:21 +0000] "GET /api/v1/users/63eb3c629a7cb90ac854a4b8 HTTP/1.1" 200 220 "-" "PostmanRuntime/7.31.0"

info: ::1 - - [15/Feb/2023:08:41:16 +0000] "GET /api/v1/users/63eb3c629a7cb90ac854a4b8 HTTP/1.1" 200 220 "-" "PostmanRuntime/7.31.0"

info: ::1 - - [15/Feb/2023:08:41:36 +0000] "GET /api/v1/users/%22Tom%20Thomas%22 HTTP/1.1" 200 62 "-" "PostmanRuntime/7.31.0"

info: ::1 - - [15/Feb/2023:08:42:39 +0000] "GET /api/v1/users/63eb3c629a7cb90ac854a4b8 HTTP/1.1" 200 220 "-" "PostmanRuntime/7.31.0"

info: ::1 - - [15/Feb/2023:11:23:45 +0000] "GET /api/v1/users HTTP/1.1" 200 71007 "-" "PostmanRuntime/7.31.0"

info: ::1 - - [15/Feb/2023:11:25:24 +0000] "GET /api/v1/users/63eb3c629a7cb90ac854a4b8 HTTP/1.1" 200 220 "-" "PostmanRuntime/7.31.0"

info: ::1 - - [15/Feb/2023:12:05:55 +0000] "GET /api/v1/users/63eb3c629a7cb90ac854a4b8 HTTP/1.1" 200 220 "-" "PostmanRuntime/7.31.0"

info: ::1 - - [15/Feb/2023:12:06:02 +0000] "GET /api/v1/users HTTP/1.1" 200 71011 "-" "PostmanRuntime/7.31.0"

info: ::1 - - [15/Feb/2023:12:07:16 +0000] "GET /api/v1/users HTTP/1.1" 200 65 "-" "PostmanRuntime/7.31.0"

info: ::1 - - [15/Feb/2023:12:07:40 +0000] "POST /api/v1/users HTTP/1.1" 500 60 "-" "PostmanRuntime/7.31.0"

info: ::1 - - [15/Feb/2023:12:08:37 +0000] "GET /api/v1/ HTTP/1.1" 200 9 "-" "Mozilla/5.0 (Windows NT 10.0; Win64; x64) AppleWebKit/537.36 (KHTML, like Gecko) Chrome/110.0.0.0 Safari/537.36"

info: ::1 - - [15/Feb/2023:12:08:38 +0000] "GET /favicon.ico HTTP/1.1" 404 47 "-" "Mozilla/5.0 (Windows NT 10.0; Win64; x64) AppleWebKit/537.36 (KHTML, like Gecko) Chrome/110.0.0.0 Safari/537.36"

info: ::1 - - [15/Feb/2023:12:08:47 +0000] "GET /api/v1/users HTTP/1.1" 200 65 "-" "Mozilla/5.0 (Windows NT 10.0; Win64; x64) AppleWebKit/537.36 (KHTML, like Gecko) Chrome/110.0.0.0 Safari/537.36"

info: ::1 - - [15/Feb/2023:12:11:38 +0000] "POST /api/v1/users HTTP/1.1" 500 60 "-" "PostmanRuntime/7.31.0"

info: ::1 - - [15/Feb/2023:12:42:54 +0000] "GET /api/v1/users HTTP/1.1" 200 65 "-" "PostmanRuntime/7.31.0"

info: ::1 - - [15/Feb/2023:12:43:00 +0000] "GET /api/v1/users/63eb3c629a7cb90ac854a4b8 HTTP/1.1" 200 62 "-" "PostmanRuntime/7.31.0"

info: ::1 - - [15/Feb/2023:12:43:07 +0000] "POST /api/v1/users HTTP/1.1" 500 60 "-" "PostmanRuntime/7.31.0"

