info: ::1 - - [14/Feb/2023:07:33:07 +0000] "GET /api/ HTTP/1.1" 404 47 "-" "PostmanRuntime/7.30.1"

info: ::1 - - [14/Feb/2023:07:34:45 +0000] "GET /api/users HTTP/1.1" 404 47 "-" "PostmanRuntime/7.30.1"

info: ::1 - - [14/Feb/2023:07:35:55 +0000] "GET /api/v1/ HTTP/1.1" 200 9 "-" "PostmanRuntime/7.30.1"

info: ::1 - - [14/Feb/2023:07:41:21 +0000] "GET /api/v1/users HTTP/1.1" 200 66809 "-" "PostmanRuntime/7.30.1"

info: ::1 - - [14/Feb/2023:07:42:35 +0000] "POST /api/v1/users HTTP/1.1" 500 60 "-" "PostmanRuntime/7.30.1"

info: ::1 - - [14/Feb/2023:07:44:58 +0000] "POST /api/v1/users HTTP/1.1" 201 218 "-" "PostmanRuntime/7.30.1"

info: ::1 - - [14/Feb/2023:07:46:42 +0000] "POST /api/v1/users HTTP/1.1" 201 215 "-" "PostmanRuntime/7.30.1"

info: ::1 - - [14/Feb/2023:07:50:20 +0000] "GET /api/v1/ HTTP/1.1" 200 9 "-" "PostmanRuntime/7.30.1"

info: ::1 - - [14/Feb/2023:07:50:28 +0000] "GET /api/v1/users HTTP/1.1" 200 67128 "-" "PostmanRuntime/7.30.1"

info: ::1 - - [14/Feb/2023:07:51:37 +0000] "GET /api/v1/users/63eb3c629a7cb90ac854a4b8 HTTP/1.1" 400 56 "-" "PostmanRuntime/7.30.1"

info: ::1 - - [14/Feb/2023:07:52:57 +0000] "GET /api/v1/users/63eb3c629a7cb90ac854a4b8 HTTP/1.1" 400 56 "-" "PostmanRuntime/7.30.1"

info: ::1 - - [14/Feb/2023:07:55:50 +0000] "GET /api/v1/users/63eb3c629a7cb90ac854a4b8 HTTP/1.1" 400 56 "-" "PostmanRuntime/7.30.1"

info: ::1 - - [14/Feb/2023:09:17:43 +0000] "GET /api/v1/users HTTP/1.1" 200 67128 "-" "PostmanRuntime/7.30.1"

info: ::1 - - [14/Feb/2023:09:20:00 +0000] "GET /api/v1/users/63eb3c629a7cb90ac854a4b8 HTTP/1.1" 400 56 "-" "PostmanRuntime/7.30.1"

info: ::1 - - [14/Feb/2023:10:26:20 +0000] "GET /api/v1/users/63eb3c629a7cb90ac854a4b8 HTTP/1.1" 400 56 "-" "PostmanRuntime/7.30.1"

info: ::1 - - [14/Feb/2023:10:27:14 +0000] "GET /api/v1/users/63eb3c629a7cb90ac854a4b8 HTTP/1.1" 200 215 "-" "PostmanRuntime/7.30.1"

info: ::1 - - [14/Feb/2023:10:31:46 +0000] "GET /api/v1/users/?_id=63eb3c629a7cb90ac854a4b8 HTTP/1.1" 200 67128 "-" "PostmanRuntime/7.30.1"

info: ::1 - - [14/Feb/2023:10:32:00 +0000] "GET /api/v1/users/63eb3c629a7cb90ac854a4b8 HTTP/1.1" 200 215 "-" "PostmanRuntime/7.30.1"

info: ::1 - - [14/Feb/2023:10:32:04 +0000] "GET /api/v1/users/63eb3c629a7cb90ac854a4b8 HTTP/1.1" 200 215 "-" "PostmanRuntime/7.30.1"

info: ::1 - - [14/Feb/2023:10:32:33 +0000] "GET /api/v1/users/63eb3c629a7cb90ac854a4b8 HTTP/1.1" 200 215 "-" "PostmanRuntime/7.30.1"

info: ::1 - - [14/Feb/2023:10:32:36 +0000] "GET /api/v1/users/63eb3c629a7cb90ac854a4b8 HTTP/1.1" 200 215 "-" "PostmanRuntime/7.30.1"

info: ::1 - - [14/Feb/2023:10:32:57 +0000] "PUT /api/v1/users/63eb3c629a7cb90ac854a4b8 HTTP/1.1" 202 215 "-" "PostmanRuntime/7.30.1"

info: ::1 - - [14/Feb/2023:10:33:13 +0000] "GET /api/v1/users/63eb3c629a7cb90ac854a4b8 HTTP/1.1" 200 215 "-" "PostmanRuntime/7.30.1"

info: ::1 - - [14/Feb/2023:10:33:22 +0000] "PUT /api/v1/users/?_id=63eb3c629a7cb90ac854a4b8 HTTP/1.1" 404 47 "-" "PostmanRuntime/7.30.1"

info: ::1 - - [14/Feb/2023:10:34:38 +0000] "PUT /api/v1/users/63eb3c629a7cb90ac854a4b8 HTTP/1.1" 202 220 "-" "PostmanRuntime/7.30.1"

info: ::1 - - [14/Feb/2023:10:34:44 +0000] "GET /api/v1/users/63eb3c629a7cb90ac854a4b8 HTTP/1.1" 200 220 "-" "PostmanRuntime/7.30.1"

info: ::1 - - [14/Feb/2023:10:35:42 +0000] "GET /api/v1/users/6220b6d7a3a3f56a7443d0d5 HTTP/1.1" 200 327 "-" "PostmanRuntime/7.30.1"

info: ::1 - - [14/Feb/2023:10:36:38 +0000] "DELETE /api/v1/users/6220b6d7a3a3f56a7443d0d5 HTTP/1.1" 200 60 "-" "PostmanRuntime/7.30.1"

info: ::1 - - [14/Feb/2023:10:36:46 +0000] "GET /api/v1/users/6220b6d7a3a3f56a7443d0d5 HTTP/1.1" 200 62 "-" "PostmanRuntime/7.30.1"

info: ::1 - - [14/Feb/2023:10:36:55 +0000] "GET /api/v1/users/63eb3c629a7cb90ac854a4b8 HTTP/1.1" 200 220 "-" "PostmanRuntime/7.30.1"

info: ::1 - - [14/Feb/2023:11:57:34 +0000] "POST /api/v1/users HTTP/1.1" 500 85 "-" "PostmanRuntime/7.30.1"

info: ::1 - - [14/Feb/2023:11:57:48 +0000] "POST /api/v1/users HTTP/1.1" 500 88 "-" "PostmanRuntime/7.30.1"

info: ::1 - - [14/Feb/2023:11:57:59 +0000] "POST /api/v1/users HTTP/1.1" 201 211 "-" "PostmanRuntime/7.30.1"

