info: Server started at http://localhost:3000/api/v1/ {"timestamp":"2023-02-15T02:56:45.194Z"}
info: Connected to the database. {"timestamp":"2023-02-15T02:56:48.368Z"}
info: Server started at http://localhost:3000/api/v1/ {"timestamp":"2023-02-15T08:39:56.044Z"}
info: Connected to the database. {"timestamp":"2023-02-15T08:39:59.080Z"}
info: Server started at http://localhost:3000/api/v1/ {"timestamp":"2023-02-15T08:41:06.730Z"}
info: Connected to the database. {"timestamp":"2023-02-15T08:41:09.504Z"}
info: Server started at http://localhost:3000/api/v1/ {"timestamp":"2023-02-15T08:43:38.446Z"}
info: Connected to the database. {"timestamp":"2023-02-15T08:43:41.355Z"}
info: Server started at http://localhost:3000/api/v1/ {"timestamp":"2023-02-15T11:22:12.427Z"}
info: Connected to the database. {"timestamp":"2023-02-15T11:22:15.381Z"}
info: Server started at http://localhost:3000/api/v1/ {"timestamp":"2023-02-15T11:23:05.546Z"}
info: Connected to the database. {"timestamp":"2023-02-15T11:23:08.381Z"}
info: Server started at http://localhost:3000/api/v1/ {"timestamp":"2023-02-15T11:25:11.743Z"}
info: Connected to the database. {"timestamp":"2023-02-15T11:25:14.403Z"}
info: Connected to the database. {"timestamp":"2023-02-15T11:45:00.762Z"}
info: Connected to the database. {"timestamp":"2023-02-15T11:58:15.025Z"}
info: Connected to the database. {"timestamp":"2023-02-15T12:01:30.673Z"}
info: Server started at http://localhost:4000/api/v1/ {"timestamp":"2023-02-15T12:01:59.388Z"}
info: Connected to the database. {"timestamp":"2023-02-15T12:02:02.158Z"}
error: 
      status - 8000
      message - cannot create a new database -- already using 100 databases of 100 
      url - /api/v1/users 
      method - POST 
      IP - ::1
     {"timestamp":"2023-02-15T12:07:40.910Z"}
error: 
    status - 500 
    message - RangeError: Invalid status code: 8000
    at new NodeError (node:internal/errors:372:5)
    at ServerResponse.writeHead (node:_http_server:275:11)
    at ServerResponse.writeHead (D:\Demo\awesome-project\node_modules\on-headers\index.js:44:26)
    at ServerResponse._implicitHeader (node:_http_server:266:8)
    at write_ (node:_http_outgoing:766:9)
    at ServerResponse.end (node:_http_outgoing:855:5)
    at ServerResponse.send (D:\Demo\awesome-project\node_modules\express\lib\response.js:232:10)
    at ServerResponse.json (D:\Demo\awesome-project\node_modules\express\lib\response.js:278:15)
    at appErrorHandler (D:\Demo\awesome-project\src\middlewares\/error.middleware.js:36:26)
    at Layer.handle_error (D:\Demo\awesome-project\node_modules\express\lib\router\layer.js:71:5)
    at trim_prefix (D:\Demo\awesome-project\node_modules\express\lib\router\index.js:326:13)
    at D:\Demo\awesome-project\node_modules\express\lib\router\index.js:286:9
    at Function.process_params (D:\Demo\awesome-project\node_modules\express\lib\router\index.js:346:12)
    at Immediate.next (D:\Demo\awesome-project\node_modules\express\lib\router\index.js:280:10)
    at Immediate._onImmediate (D:\Demo\awesome-project\node_modules\express\lib\router\index.js:646:15)
    at processImmediate (node:internal/timers:468:21) 
    url - /api/v1/users 
    method - POST 
    IP - ::1
   {"timestamp":"2023-02-15T12:07:40.941Z"}
info: Server started at http://localhost:4000/api/v1/ {"timestamp":"2023-02-15T12:09:43.817Z"}
info: Connected to the database. {"timestamp":"2023-02-15T12:09:46.557Z"}
info: Connected to the database. {"timestamp":"2023-02-15T12:09:46.723Z"}
info: Server started at http://localhost:5000/api/v1/ {"timestamp":"2023-02-15T12:10:33.394Z"}
info: Connected to the database. {"timestamp":"2023-02-15T12:10:36.064Z"}
error: 
      status - 8000
      message - cannot create a new database -- already using 100 databases of 100 
      url - /api/v1/users 
      method - POST 
      IP - ::1
     {"timestamp":"2023-02-15T12:11:38.578Z"}
error: 
    status - 500 
    message - RangeError: Invalid status code: 8000
    at new NodeError (node:internal/errors:372:5)
    at ServerResponse.writeHead (node:_http_server:275:11)
    at ServerResponse.writeHead (D:\Demo\awesome-project\node_modules\on-headers\index.js:44:26)
    at ServerResponse._implicitHeader (node:_http_server:266:8)
    at write_ (node:_http_outgoing:766:9)
    at ServerResponse.end (node:_http_outgoing:855:5)
    at ServerResponse.send (D:\Demo\awesome-project\node_modules\express\lib\response.js:232:10)
    at ServerResponse.json (D:\Demo\awesome-project\node_modules\express\lib\response.js:278:15)
    at appErrorHandler (D:\Demo\awesome-project\src\middlewares\/error.middleware.js:36:26)
    at Layer.handle_error (D:\Demo\awesome-project\node_modules\express\lib\router\layer.js:71:5)
    at trim_prefix (D:\Demo\awesome-project\node_modules\express\lib\router\index.js:326:13)
    at D:\Demo\awesome-project\node_modules\express\lib\router\index.js:286:9
    at Function.process_params (D:\Demo\awesome-project\node_modules\express\lib\router\index.js:346:12)
    at Immediate.next (D:\Demo\awesome-project\node_modules\express\lib\router\index.js:280:10)
    at Immediate._onImmediate (D:\Demo\awesome-project\node_modules\express\lib\router\index.js:646:15)
    at processImmediate (node:internal/timers:468:21) 
    url - /api/v1/users 
    method - POST 
    IP - ::1
   {"timestamp":"2023-02-15T12:11:38.645Z"}
info: Server started at http://localhost:5000/api/v1/ {"timestamp":"2023-02-15T12:12:06.329Z"}
info: Connected to the database. {"timestamp":"2023-02-15T12:12:08.987Z"}
info: Connected to the database. {"timestamp":"2023-02-15T12:12:09.188Z"}
info: Server started at http://localhost:5000/api/v1/ {"timestamp":"2023-02-15T12:19:36.344Z"}
info: Connected to the database. {"timestamp":"2023-02-15T12:19:36.368Z"}
info: Connected to the database. {"timestamp":"2023-02-15T12:19:37.515Z"}
info: Server started at http://localhost:3000/api/v1/ {"timestamp":"2023-02-15T12:31:51.815Z"}
info: Connected to the database. {"timestamp":"2023-02-15T12:31:51.821Z"}
info: Server started at http://localhost:3000/api/v1/ {"timestamp":"2023-02-15T12:34:23.242Z"}
info: Connected to the database. {"timestamp":"2023-02-15T12:34:23.249Z"}
info: Server started at http://localhost:3000/api/v1/ {"timestamp":"2023-02-15T12:36:18.601Z"}
info: Connected to the database. {"timestamp":"2023-02-15T12:36:18.609Z"}
info: Connected to the database. {"timestamp":"2023-02-15T12:36:18.984Z"}
info: Server started at http://localhost:4000/api/v1/ {"timestamp":"2023-02-15T12:37:27.408Z"}
info: Connected to the database. {"timestamp":"2023-02-15T12:37:27.417Z"}
info: Connected to the database. {"timestamp":"2023-02-15T12:37:27.691Z"}
info: Server started at http://localhost:4000/api/v1/ {"timestamp":"2023-02-15T12:37:51.153Z"}
info: Connected to the database. {"timestamp":"2023-02-15T12:37:51.263Z"}
info: Connected to the database. {"timestamp":"2023-02-15T12:37:51.647Z"}
info: Server started at http://localhost:3000/api/v1/ {"timestamp":"2023-02-15T12:40:12.360Z"}
info: Connected to the database. {"timestamp":"2023-02-15T12:40:12.367Z"}
info: Server started at http://localhost:3000/api/v1/ {"timestamp":"2023-02-15T12:42:37.318Z"}
info: Connected to the database. {"timestamp":"2023-02-15T12:42:37.325Z"}
error: 
      status - 8000
      message - cannot create a new database -- already using 100 databases of 100 
      url - /api/v1/users 
      method - POST 
      IP - ::1
     {"timestamp":"2023-02-15T12:43:07.496Z"}
error: 
    status - 500 
    message - RangeError: Invalid status code: 8000
    at new NodeError (node:internal/errors:372:5)
    at ServerResponse.writeHead (node:_http_server:275:11)
    at ServerResponse.writeHead (D:\Demo\awesome-project\node_modules\on-headers\index.js:44:26)
    at ServerResponse._implicitHeader (node:_http_server:266:8)
    at write_ (node:_http_outgoing:766:9)
    at ServerResponse.end (node:_http_outgoing:855:5)
    at ServerResponse.send (D:\Demo\awesome-project\node_modules\express\lib\response.js:232:10)
    at ServerResponse.json (D:\Demo\awesome-project\node_modules\express\lib\response.js:278:15)
    at appErrorHandler (D:\Demo\awesome-project\src\middlewares\/error.middleware.js:36:26)
    at Layer.handle_error (D:\Demo\awesome-project\node_modules\express\lib\router\layer.js:71:5)
    at trim_prefix (D:\Demo\awesome-project\node_modules\express\lib\router\index.js:326:13)
    at D:\Demo\awesome-project\node_modules\express\lib\router\index.js:286:9
    at Function.process_params (D:\Demo\awesome-project\node_modules\express\lib\router\index.js:346:12)
    at Immediate.next (D:\Demo\awesome-project\node_modules\express\lib\router\index.js:280:10)
    at Immediate._onImmediate (D:\Demo\awesome-project\node_modules\express\lib\router\index.js:646:15)
    at processImmediate (node:internal/timers:468:21) 
    url - /api/v1/users 
    method - POST 
    IP - ::1
   {"timestamp":"2023-02-15T12:43:07.530Z"}
info: Server started at http://localhost:3000/api/v1/ {"timestamp":"2023-02-15T15:30:43.446Z"}
info: Connected to the database. {"timestamp":"2023-02-15T15:30:43.453Z"}
info: Connected to the database. {"timestamp":"2023-02-15T15:32:58.897Z"}
info: Server started at http://localhost:4000/api/v1/ {"timestamp":"2023-02-15T15:33:36.348Z"}
info: Connected to the database. {"timestamp":"2023-02-15T15:33:36.354Z"}
info: Connected to the database. {"timestamp":"2023-02-15T15:36:41.911Z"}
info: Server started at http://localhost:5000/api/v1/ {"timestamp":"2023-02-15T15:37:09.609Z"}
info: Connected to the database. {"timestamp":"2023-02-15T15:37:09.615Z"}
