info: Server started at http://localhost:3000/api/v1/ {"timestamp":"2023-02-14T06:41:14.630Z"}
info: Connected to the database. {"timestamp":"2023-02-14T06:41:18.997Z"}
info: Server started at http://localhost:3000/api/v1/ {"timestamp":"2023-02-14T07:30:45.413Z"}
info: Connected to the database. {"timestamp":"2023-02-14T07:30:48.441Z"}
info: Server started at http://localhost:3000/api/v1/ {"timestamp":"2023-02-14T07:37:46.257Z"}
info: Connected to the database. {"timestamp":"2023-02-14T07:37:49.320Z"}
info: Server started at http://localhost:3000/api/v1/ {"timestamp":"2023-02-14T07:41:07.568Z"}
info: Connected to the database. {"timestamp":"2023-02-14T07:41:10.630Z"}
error: 
    status - 500 
    message - ValidationError: "number" is not allowed 
    url - /api/v1/users 
    method - POST 
    IP - ::1
   {"timestamp":"2023-02-14T07:42:35.332Z"}
info: Server started at http://localhost:3000/api/v1/ {"timestamp":"2023-02-14T07:44:50.524Z"}
info: Connected to the database. {"timestamp":"2023-02-14T07:44:53.511Z"}
error: 
      status - 400
      message - Authorization token is required 
      url - /api/v1/users/63eb3c629a7cb90ac854a4b8 
      method - GET 
      IP - ::1
     {"timestamp":"2023-02-14T07:51:37.479Z"}
error: 
      status - 400
      message - Authorization token is required 
      url - /api/v1/users/63eb3c629a7cb90ac854a4b8 
      method - GET 
      IP - ::1
     {"timestamp":"2023-02-14T07:52:57.432Z"}
error: 
      status - 400
      message - Authorization token is required 
      url - /api/v1/users/63eb3c629a7cb90ac854a4b8 
      method - GET 
      IP - ::1
     {"timestamp":"2023-02-14T07:55:50.642Z"}
error: 
      status - 400
      message - Authorization token is required 
      url - /api/v1/users/63eb3c629a7cb90ac854a4b8 
      method - GET 
      IP - ::1
     {"timestamp":"2023-02-14T09:20:00.391Z"}
info: Server started at http://localhost:3000/api/v1/ {"timestamp":"2023-02-14T10:26:12.347Z"}
info: Connected to the database. {"timestamp":"2023-02-14T10:26:15.473Z"}
error: 
      status - 400
      message - Authorization token is required 
      url - /api/v1/users/63eb3c629a7cb90ac854a4b8 
      method - GET 
      IP - ::1
     {"timestamp":"2023-02-14T10:26:20.661Z"}
info: Server started at http://localhost:3000/api/v1/ {"timestamp":"2023-02-14T10:27:09.043Z"}
info: Connected to the database. {"timestamp":"2023-02-14T10:27:12.182Z"}
info: Server started at http://localhost:3000/api/v1/ {"timestamp":"2023-02-14T11:57:27.100Z"}
info: Connected to the database. {"timestamp":"2023-02-14T11:57:30.106Z"}
error: 
    status - 500 
    message - ValidationError: "name" length must be at least 4 characters long 
    url - /api/v1/users 
    method - POST 
    IP - ::1
   {"timestamp":"2023-02-14T11:57:34.582Z"}
error: 
    status - 500 
    message - ValidationError: "address" length must be at least 4 characters long 
    url - /api/v1/users 
    method - POST 
    IP - ::1
   {"timestamp":"2023-02-14T11:57:48.513Z"}
info: Server started at http://localhost:3000/api/v1/ {"timestamp":"2023-02-15T02:56:45.194Z"}
info: Connected to the database. {"timestamp":"2023-02-15T02:56:48.368Z"}
info: Server started at http://localhost:3000/api/v1/ {"timestamp":"2023-02-15T08:39:56.044Z"}
info: Connected to the database. {"timestamp":"2023-02-15T08:39:59.080Z"}
info: Server started at http://localhost:3000/api/v1/ {"timestamp":"2023-02-15T08:41:06.730Z"}
info: Connected to the database. {"timestamp":"2023-02-15T08:41:09.504Z"}
info: Server started at http://localhost:3000/api/v1/ {"timestamp":"2023-02-15T08:43:38.446Z"}
info: Connected to the database. {"timestamp":"2023-02-15T08:43:41.355Z"}
info: Server started at http://localhost:3000/api/v1/ {"timestamp":"2023-02-15T11:22:12.427Z"}
info: Connected to the database. {"timestamp":"2023-02-15T11:22:15.381Z"}
info: Server started at http://localhost:3000/api/v1/ {"timestamp":"2023-02-15T11:23:05.546Z"}
info: Connected to the database. {"timestamp":"2023-02-15T11:23:08.381Z"}
info: Server started at http://localhost:3000/api/v1/ {"timestamp":"2023-02-15T11:25:11.743Z"}
info: Connected to the database. {"timestamp":"2023-02-15T11:25:14.403Z"}
error: uncaughtException: listen EADDRINUSE: address already in use :::3000
Error: listen EADDRINUSE: address already in use :::3000
    at Server.setupListenHandle [as _listen2] (node:net:1372:16)
    at listenInCluster (node:net:1420:12)
    at Server.listen (node:net:1508:7)
    at Function.listen (D:\Demo\awesome-project\node_modules\express\lib\application.js:635:24)
    at Object.<anonymous> (D:\Demo\awesome-project\src\/index.js:37:5)
    at Module._compile (node:internal/modules/cjs/loader:1105:14)
    at Module._compile (D:\Demo\awesome-project\node_modules\pirates\lib\index.js:136:24)
    at Module._extensions..js (node:internal/modules/cjs/loader:1159:10)
    at Object.newLoader [as .js] (D:\Demo\awesome-project\node_modules\pirates\lib\index.js:141:7)
    at Module.load (node:internal/modules/cjs/loader:981:32)
    at Function.Module._load (node:internal/modules/cjs/loader:822:12)
    at Function.runMain (node:internal/modules/run_main:77:12)
    at Object.<anonymous> (D:\Demo\awesome-project\node_modules\@babel\node\src\_babel-node.ts:223:12)
    at Module._compile (node:internal/modules/cjs/loader:1105:14)
    at Object.Module._extensions..js (node:internal/modules/cjs/loader:1159:10)
    at Module.load (node:internal/modules/cjs/loader:981:32) {"date":"Wed Feb 15 2023 17:15:00 GMT+0530 (India Standard Time)","error":{"address":"::","code":"EADDRINUSE","errno":-4091,"port":3000,"syscall":"listen"},"exception":true,"os":{"loadavg":[0,0,0],"uptime":2491936},"process":{"argv":["node","D:\\Demo\\awesome-project\\src\\index.js"],"cwd":"D:\\Demo\\awesome-project","execPath":"C:\\Program Files\\nodejs\\node.exe","gid":null,"memoryUsage":{"arrayBuffers":19049799,"external":30519882,"heapTotal":78209024,"heapUsed":50204920,"rss":109289472},"pid":20924,"uid":null,"version":"v16.15.0"},"stack":"Error: listen EADDRINUSE: address already in use :::3000\n    at Server.setupListenHandle [as _listen2] (node:net:1372:16)\n    at listenInCluster (node:net:1420:12)\n    at Server.listen (node:net:1508:7)\n    at Function.listen (D:\\Demo\\awesome-project\\node_modules\\express\\lib\\application.js:635:24)\n    at Object.<anonymous> (D:\\Demo\\awesome-project\\src\\/index.js:37:5)\n    at Module._compile (node:internal/modules/cjs/loader:1105:14)\n    at Module._compile (D:\\Demo\\awesome-project\\node_modules\\pirates\\lib\\index.js:136:24)\n    at Module._extensions..js (node:internal/modules/cjs/loader:1159:10)\n    at Object.newLoader [as .js] (D:\\Demo\\awesome-project\\node_modules\\pirates\\lib\\index.js:141:7)\n    at Module.load (node:internal/modules/cjs/loader:981:32)\n    at Function.Module._load (node:internal/modules/cjs/loader:822:12)\n    at Function.runMain (node:internal/modules/run_main:77:12)\n    at Object.<anonymous> (D:\\Demo\\awesome-project\\node_modules\\@babel\\node\\src\\_babel-node.ts:223:12)\n    at Module._compile (node:internal/modules/cjs/loader:1105:14)\n    at Object.Module._extensions..js (node:internal/modules/cjs/loader:1159:10)\n    at Module.load (node:internal/modules/cjs/loader:981:32)","timestamp":"2023-02-15T11:45:00.624Z","trace":[{"column":16,"file":"node:net","function":"Server.setupListenHandle [as _listen2]","line":1372,"method":"setupListenHandle [as _listen2]","native":false},{"column":12,"file":"node:net","function":"listenInCluster","line":1420,"method":null,"native":false},{"column":7,"file":"node:net","function":"Server.listen","line":1508,"method":"listen","native":false},{"column":24,"file":"D:\\Demo\\awesome-project\\node_modules\\express\\lib\\application.js","function":"Function.listen","line":635,"method":"listen","native":false},{"column":5,"file":"D:\\Demo\\awesome-project\\src\\/index.js","function":null,"line":37,"method":null,"native":false},{"column":14,"file":"node:internal/modules/cjs/loader","function":"Module._compile","line":1105,"method":"_compile","native":false},{"column":24,"file":"D:\\Demo\\awesome-project\\node_modules\\pirates\\lib\\index.js","function":"Module._compile","line":136,"method":"_compile","native":false},{"column":10,"file":"node:internal/modules/cjs/loader","function":"Module._extensions..js","line":1159,"method":".js","native":false},{"column":7,"file":"D:\\Demo\\awesome-project\\node_modules\\pirates\\lib\\index.js","function":"Object.newLoader [as .js]","line":141,"method":"js]","native":false},{"column":32,"file":"node:internal/modules/cjs/loader","function":"Module.load","line":981,"method":"load","native":false},{"column":12,"file":"node:internal/modules/cjs/loader","function":"Module._load","line":822,"method":"_load","native":false},{"column":12,"file":"node:internal/modules/run_main","function":"Function.runMain","line":77,"method":"runMain","native":false},{"column":12,"file":"D:\\Demo\\awesome-project\\node_modules\\@babel\\node\\src\\_babel-node.ts","function":null,"line":223,"method":null,"native":false},{"column":14,"file":"node:internal/modules/cjs/loader","function":"Module._compile","line":1105,"method":"_compile","native":false},{"column":10,"file":"node:internal/modules/cjs/loader","function":"Module._extensions..js","line":1159,"method":".js","native":false},{"column":32,"file":"node:internal/modules/cjs/loader","function":"Module.load","line":981,"method":"load","native":false}]}
error: uncaughtException: listen EADDRINUSE: address already in use :::3000
Error: listen EADDRINUSE: address already in use :::3000
    at Server.setupListenHandle [as _listen2] (node:net:1372:16)
    at listenInCluster (node:net:1420:12)
    at Server.listen (node:net:1508:7)
    at Function.listen (D:\Demo\awesome-project\node_modules\express\lib\application.js:635:24)
    at Object.<anonymous> (D:\Demo\awesome-project\src\/index.js:37:5)
    at Module._compile (node:internal/modules/cjs/loader:1105:14)
    at Module._compile (D:\Demo\awesome-project\node_modules\pirates\lib\index.js:136:24)
    at Module._extensions..js (node:internal/modules/cjs/loader:1159:10)
    at Object.newLoader [as .js] (D:\Demo\awesome-project\node_modules\pirates\lib\index.js:141:7)
    at Module.load (node:internal/modules/cjs/loader:981:32)
    at Function.Module._load (node:internal/modules/cjs/loader:822:12)
    at Function.runMain (node:internal/modules/run_main:77:12)
    at Object.<anonymous> (D:\Demo\awesome-project\node_modules\@babel\node\src\_babel-node.ts:223:12)
    at Module._compile (node:internal/modules/cjs/loader:1105:14)
    at Object.Module._extensions..js (node:internal/modules/cjs/loader:1159:10)
    at Module.load (node:internal/modules/cjs/loader:981:32) {"date":"Wed Feb 15 2023 17:28:12 GMT+0530 (India Standard Time)","error":{"address":"::","code":"EADDRINUSE","errno":-4091,"port":3000,"syscall":"listen"},"exception":true,"os":{"loadavg":[0,0,0],"uptime":2492727},"process":{"argv":["node","D:\\Demo\\awesome-project\\src\\index.js"],"cwd":"D:\\Demo\\awesome-project","execPath":"C:\\Program Files\\nodejs\\node.exe","gid":null,"memoryUsage":{"arrayBuffers":19049799,"external":30511690,"heapTotal":78471168,"heapUsed":49996488,"rss":109355008},"pid":14692,"uid":null,"version":"v16.15.0"},"stack":"Error: listen EADDRINUSE: address already in use :::3000\n    at Server.setupListenHandle [as _listen2] (node:net:1372:16)\n    at listenInCluster (node:net:1420:12)\n    at Server.listen (node:net:1508:7)\n    at Function.listen (D:\\Demo\\awesome-project\\node_modules\\express\\lib\\application.js:635:24)\n    at Object.<anonymous> (D:\\Demo\\awesome-project\\src\\/index.js:37:5)\n    at Module._compile (node:internal/modules/cjs/loader:1105:14)\n    at Module._compile (D:\\Demo\\awesome-project\\node_modules\\pirates\\lib\\index.js:136:24)\n    at Module._extensions..js (node:internal/modules/cjs/loader:1159:10)\n    at Object.newLoader [as .js] (D:\\Demo\\awesome-project\\node_modules\\pirates\\lib\\index.js:141:7)\n    at Module.load (node:internal/modules/cjs/loader:981:32)\n    at Function.Module._load (node:internal/modules/cjs/loader:822:12)\n    at Function.runMain (node:internal/modules/run_main:77:12)\n    at Object.<anonymous> (D:\\Demo\\awesome-project\\node_modules\\@babel\\node\\src\\_babel-node.ts:223:12)\n    at Module._compile (node:internal/modules/cjs/loader:1105:14)\n    at Object.Module._extensions..js (node:internal/modules/cjs/loader:1159:10)\n    at Module.load (node:internal/modules/cjs/loader:981:32)","timestamp":"2023-02-15T11:58:12.145Z","trace":[{"column":16,"file":"node:net","function":"Server.setupListenHandle [as _listen2]","line":1372,"method":"setupListenHandle [as _listen2]","native":false},{"column":12,"file":"node:net","function":"listenInCluster","line":1420,"method":null,"native":false},{"column":7,"file":"node:net","function":"Server.listen","line":1508,"method":"listen","native":false},{"column":24,"file":"D:\\Demo\\awesome-project\\node_modules\\express\\lib\\application.js","function":"Function.listen","line":635,"method":"listen","native":false},{"column":5,"file":"D:\\Demo\\awesome-project\\src\\/index.js","function":null,"line":37,"method":null,"native":false},{"column":14,"file":"node:internal/modules/cjs/loader","function":"Module._compile","line":1105,"method":"_compile","native":false},{"column":24,"file":"D:\\Demo\\awesome-project\\node_modules\\pirates\\lib\\index.js","function":"Module._compile","line":136,"method":"_compile","native":false},{"column":10,"file":"node:internal/modules/cjs/loader","function":"Module._extensions..js","line":1159,"method":".js","native":false},{"column":7,"file":"D:\\Demo\\awesome-project\\node_modules\\pirates\\lib\\index.js","function":"Object.newLoader [as .js]","line":141,"method":"js]","native":false},{"column":32,"file":"node:internal/modules/cjs/loader","function":"Module.load","line":981,"method":"load","native":false},{"column":12,"file":"node:internal/modules/cjs/loader","function":"Module._load","line":822,"method":"_load","native":false},{"column":12,"file":"node:internal/modules/run_main","function":"Function.runMain","line":77,"method":"runMain","native":false},{"column":12,"file":"D:\\Demo\\awesome-project\\node_modules\\@babel\\node\\src\\_babel-node.ts","function":null,"line":223,"method":null,"native":false},{"column":14,"file":"node:internal/modules/cjs/loader","function":"Module._compile","line":1105,"method":"_compile","native":false},{"column":10,"file":"node:internal/modules/cjs/loader","function":"Module._extensions..js","line":1159,"method":".js","native":false},{"column":32,"file":"node:internal/modules/cjs/loader","function":"Module.load","line":981,"method":"load","native":false}]}
error: uncaughtException: listen EADDRINUSE: address already in use :::3000
Error: listen EADDRINUSE: address already in use :::3000
    at Server.setupListenHandle [as _listen2] (node:net:1372:16)
    at listenInCluster (node:net:1420:12)
    at Server.listen (node:net:1508:7)
    at Function.listen (D:\Demo\awesome-project\node_modules\express\lib\application.js:635:24)
    at Object.<anonymous> (D:\Demo\awesome-project\src\/index.js:37:5)
    at Module._compile (node:internal/modules/cjs/loader:1105:14)
    at Module._compile (D:\Demo\awesome-project\node_modules\pirates\lib\index.js:136:24)
    at Module._extensions..js (node:internal/modules/cjs/loader:1159:10)
    at Object.newLoader [as .js] (D:\Demo\awesome-project\node_modules\pirates\lib\index.js:141:7)
    at Module.load (node:internal/modules/cjs/loader:981:32)
    at Function.Module._load (node:internal/modules/cjs/loader:822:12)
    at Function.runMain (node:internal/modules/run_main:77:12)
    at Object.<anonymous> (D:\Demo\awesome-project\node_modules\@babel\node\src\_babel-node.ts:223:12)
    at Module._compile (node:internal/modules/cjs/loader:1105:14)
    at Object.Module._extensions..js (node:internal/modules/cjs/loader:1159:10)
    at Module.load (node:internal/modules/cjs/loader:981:32) {"date":"Wed Feb 15 2023 17:31:27 GMT+0530 (India Standard Time)","error":{"address":"::","code":"EADDRINUSE","errno":-4091,"port":3000,"syscall":"listen"},"exception":true,"os":{"loadavg":[0,0,0],"uptime":2492923},"process":{"argv":["node","D:\\Demo\\awesome-project\\src\\index.js"],"cwd":"D:\\Demo\\awesome-project","execPath":"C:\\Program Files\\nodejs\\node.exe","gid":null,"memoryUsage":{"arrayBuffers":18444013,"external":23304243,"heapTotal":77160448,"heapUsed":43560896,"rss":111136768},"pid":12436,"uid":null,"version":"v16.15.0"},"stack":"Error: listen EADDRINUSE: address already in use :::3000\n    at Server.setupListenHandle [as _listen2] (node:net:1372:16)\n    at listenInCluster (node:net:1420:12)\n    at Server.listen (node:net:1508:7)\n    at Function.listen (D:\\Demo\\awesome-project\\node_modules\\express\\lib\\application.js:635:24)\n    at Object.<anonymous> (D:\\Demo\\awesome-project\\src\\/index.js:37:5)\n    at Module._compile (node:internal/modules/cjs/loader:1105:14)\n    at Module._compile (D:\\Demo\\awesome-project\\node_modules\\pirates\\lib\\index.js:136:24)\n    at Module._extensions..js (node:internal/modules/cjs/loader:1159:10)\n    at Object.newLoader [as .js] (D:\\Demo\\awesome-project\\node_modules\\pirates\\lib\\index.js:141:7)\n    at Module.load (node:internal/modules/cjs/loader:981:32)\n    at Function.Module._load (node:internal/modules/cjs/loader:822:12)\n    at Function.runMain (node:internal/modules/run_main:77:12)\n    at Object.<anonymous> (D:\\Demo\\awesome-project\\node_modules\\@babel\\node\\src\\_babel-node.ts:223:12)\n    at Module._compile (node:internal/modules/cjs/loader:1105:14)\n    at Object.Module._extensions..js (node:internal/modules/cjs/loader:1159:10)\n    at Module.load (node:internal/modules/cjs/loader:981:32)","timestamp":"2023-02-15T12:01:27.835Z","trace":[{"column":16,"file":"node:net","function":"Server.setupListenHandle [as _listen2]","line":1372,"method":"setupListenHandle [as _listen2]","native":false},{"column":12,"file":"node:net","function":"listenInCluster","line":1420,"method":null,"native":false},{"column":7,"file":"node:net","function":"Server.listen","line":1508,"method":"listen","native":false},{"column":24,"file":"D:\\Demo\\awesome-project\\node_modules\\express\\lib\\application.js","function":"Function.listen","line":635,"method":"listen","native":false},{"column":5,"file":"D:\\Demo\\awesome-project\\src\\/index.js","function":null,"line":37,"method":null,"native":false},{"column":14,"file":"node:internal/modules/cjs/loader","function":"Module._compile","line":1105,"method":"_compile","native":false},{"column":24,"file":"D:\\Demo\\awesome-project\\node_modules\\pirates\\lib\\index.js","function":"Module._compile","line":136,"method":"_compile","native":false},{"column":10,"file":"node:internal/modules/cjs/loader","function":"Module._extensions..js","line":1159,"method":".js","native":false},{"column":7,"file":"D:\\Demo\\awesome-project\\node_modules\\pirates\\lib\\index.js","function":"Object.newLoader [as .js]","line":141,"method":"js]","native":false},{"column":32,"file":"node:internal/modules/cjs/loader","function":"Module.load","line":981,"method":"load","native":false},{"column":12,"file":"node:internal/modules/cjs/loader","function":"Module._load","line":822,"method":"_load","native":false},{"column":12,"file":"node:internal/modules/run_main","function":"Function.runMain","line":77,"method":"runMain","native":false},{"column":12,"file":"D:\\Demo\\awesome-project\\node_modules\\@babel\\node\\src\\_babel-node.ts","function":null,"line":223,"method":null,"native":false},{"column":14,"file":"node:internal/modules/cjs/loader","function":"Module._compile","line":1105,"method":"_compile","native":false},{"column":10,"file":"node:internal/modules/cjs/loader","function":"Module._extensions..js","line":1159,"method":".js","native":false},{"column":32,"file":"node:internal/modules/cjs/loader","function":"Module.load","line":981,"method":"load","native":false}]}
info: Server started at http://localhost:4000/api/v1/ {"timestamp":"2023-02-15T12:01:59.388Z"}
info: Connected to the database. {"timestamp":"2023-02-15T12:02:02.158Z"}
error: 
      status - 8000
      message - cannot create a new database -- already using 100 databases of 100 
      url - /api/v1/users 
      method - POST 
      IP - ::1
     {"timestamp":"2023-02-15T12:07:40.910Z"}
error: 
    status - 500 
    message - RangeError: Invalid status code: 8000
    at new NodeError (node:internal/errors:372:5)
    at ServerResponse.writeHead (node:_http_server:275:11)
    at ServerResponse.writeHead (D:\Demo\awesome-project\node_modules\on-headers\index.js:44:26)
    at ServerResponse._implicitHeader (node:_http_server:266:8)
    at write_ (node:_http_outgoing:766:9)
    at ServerResponse.end (node:_http_outgoing:855:5)
    at ServerResponse.send (D:\Demo\awesome-project\node_modules\express\lib\response.js:232:10)
    at ServerResponse.json (D:\Demo\awesome-project\node_modules\express\lib\response.js:278:15)
    at appErrorHandler (D:\Demo\awesome-project\src\middlewares\/error.middleware.js:36:26)
    at Layer.handle_error (D:\Demo\awesome-project\node_modules\express\lib\router\layer.js:71:5)
    at trim_prefix (D:\Demo\awesome-project\node_modules\express\lib\router\index.js:326:13)
    at D:\Demo\awesome-project\node_modules\express\lib\router\index.js:286:9
    at Function.process_params (D:\Demo\awesome-project\node_modules\express\lib\router\index.js:346:12)
    at Immediate.next (D:\Demo\awesome-project\node_modules\express\lib\router\index.js:280:10)
    at Immediate._onImmediate (D:\Demo\awesome-project\node_modules\express\lib\router\index.js:646:15)
    at processImmediate (node:internal/timers:468:21) 
    url - /api/v1/users 
    method - POST 
    IP - ::1
   {"timestamp":"2023-02-15T12:07:40.941Z"}
info: Server started at http://localhost:4000/api/v1/ {"timestamp":"2023-02-15T12:09:43.817Z"}
error: uncaughtException: listen EADDRINUSE: address already in use :::4000
Error: listen EADDRINUSE: address already in use :::4000
    at Server.setupListenHandle [as _listen2] (node:net:1372:16)
    at listenInCluster (node:net:1420:12)
    at Server.listen (node:net:1508:7)
    at Function.listen (D:\Demo\awesome-project\node_modules\express\lib\application.js:635:24)
    at Object.<anonymous> (D:\Demo\awesome-project\src\/index.js:37:5)
    at Module._compile (node:internal/modules/cjs/loader:1105:14)
    at Module._compile (D:\Demo\awesome-project\node_modules\pirates\lib\index.js:136:24)
    at Module._extensions..js (node:internal/modules/cjs/loader:1159:10)
    at Object.newLoader [as .js] (D:\Demo\awesome-project\node_modules\pirates\lib\index.js:141:7)
    at Module.load (node:internal/modules/cjs/loader:981:32)
    at Function.Module._load (node:internal/modules/cjs/loader:822:12)
    at Function.runMain (node:internal/modules/run_main:77:12)
    at Object.<anonymous> (D:\Demo\awesome-project\node_modules\@babel\node\src\_babel-node.ts:223:12)
    at Module._compile (node:internal/modules/cjs/loader:1105:14)
    at Object.Module._extensions..js (node:internal/modules/cjs/loader:1159:10)
    at Module.load (node:internal/modules/cjs/loader:981:32)
    at Function.Module._load (node:internal/modules/cjs/loader:822:12)
    at Function.executeUserEntryPoint [as runMain] (node:internal/modules/run_main:77:12)
    at node:internal/main/run_main_module:17:47 {"date":"Wed Feb 15 2023 17:39:43 GMT+0530 (India Standard Time)","error":{"address":"::","code":"EADDRINUSE","errno":-4091,"port":4000,"syscall":"listen"},"exception":true,"os":{"loadavg":[0,0,0],"uptime":2493419},"process":{"argv":["node","D:\\Demo\\awesome-project\\src\\index.js"],"cwd":"D:\\Demo\\awesome-project","execPath":"C:\\Program Files\\nodejs\\node.exe","gid":null,"memoryUsage":{"arrayBuffers":19346096,"external":31090295,"heapTotal":79765504,"heapUsed":53869584,"rss":111570944},"pid":6036,"uid":null,"version":"v16.15.0"},"stack":"Error: listen EADDRINUSE: address already in use :::4000\n    at Server.setupListenHandle [as _listen2] (node:net:1372:16)\n    at listenInCluster (node:net:1420:12)\n    at Server.listen (node:net:1508:7)\n    at Function.listen (D:\\Demo\\awesome-project\\node_modules\\express\\lib\\application.js:635:24)\n    at Object.<anonymous> (D:\\Demo\\awesome-project\\src\\/index.js:37:5)\n    at Module._compile (node:internal/modules/cjs/loader:1105:14)\n    at Module._compile (D:\\Demo\\awesome-project\\node_modules\\pirates\\lib\\index.js:136:24)\n    at Module._extensions..js (node:internal/modules/cjs/loader:1159:10)\n    at Object.newLoader [as .js] (D:\\Demo\\awesome-project\\node_modules\\pirates\\lib\\index.js:141:7)\n    at Module.load (node:internal/modules/cjs/loader:981:32)\n    at Function.Module._load (node:internal/modules/cjs/loader:822:12)\n    at Function.runMain (node:internal/modules/run_main:77:12)\n    at Object.<anonymous> (D:\\Demo\\awesome-project\\node_modules\\@babel\\node\\src\\_babel-node.ts:223:12)\n    at Module._compile (node:internal/modules/cjs/loader:1105:14)\n    at Object.Module._extensions..js (node:internal/modules/cjs/loader:1159:10)\n    at Module.load (node:internal/modules/cjs/loader:981:32)\n    at Function.Module._load (node:internal/modules/cjs/loader:822:12)\n    at Function.executeUserEntryPoint [as runMain] (node:internal/modules/run_main:77:12)\n    at node:internal/main/run_main_module:17:47","timestamp":"2023-02-15T12:09:43.849Z","trace":[{"column":16,"file":"node:net","function":"Server.setupListenHandle [as _listen2]","line":1372,"method":"setupListenHandle [as _listen2]","native":false},{"column":12,"file":"node:net","function":"listenInCluster","line":1420,"method":null,"native":false},{"column":7,"file":"node:net","function":"Server.listen","line":1508,"method":"listen","native":false},{"column":24,"file":"D:\\Demo\\awesome-project\\node_modules\\express\\lib\\application.js","function":"Function.listen","line":635,"method":"listen","native":false},{"column":5,"file":"D:\\Demo\\awesome-project\\src\\/index.js","function":null,"line":37,"method":null,"native":false},{"column":14,"file":"node:internal/modules/cjs/loader","function":"Module._compile","line":1105,"method":"_compile","native":false},{"column":24,"file":"D:\\Demo\\awesome-project\\node_modules\\pirates\\lib\\index.js","function":"Module._compile","line":136,"method":"_compile","native":false},{"column":10,"file":"node:internal/modules/cjs/loader","function":"Module._extensions..js","line":1159,"method":".js","native":false},{"column":7,"file":"D:\\Demo\\awesome-project\\node_modules\\pirates\\lib\\index.js","function":"Object.newLoader [as .js]","line":141,"method":"js]","native":false},{"column":32,"file":"node:internal/modules/cjs/loader","function":"Module.load","line":981,"method":"load","native":false},{"column":12,"file":"node:internal/modules/cjs/loader","function":"Module._load","line":822,"method":"_load","native":false},{"column":12,"file":"node:internal/modules/run_main","function":"Function.runMain","line":77,"method":"runMain","native":false},{"column":12,"file":"D:\\Demo\\awesome-project\\node_modules\\@babel\\node\\src\\_babel-node.ts","function":null,"line":223,"method":null,"native":false},{"column":14,"file":"node:internal/modules/cjs/loader","function":"Module._compile","line":1105,"method":"_compile","native":false},{"column":10,"file":"node:internal/modules/cjs/loader","function":"Module._extensions..js","line":1159,"method":".js","native":false},{"column":32,"file":"node:internal/modules/cjs/loader","function":"Module.load","line":981,"method":"load","native":false},{"column":12,"file":"node:internal/modules/cjs/loader","function":"Module._load","line":822,"method":"_load","native":false},{"column":12,"file":"node:internal/modules/run_main","function":"Function.executeUserEntryPoint [as runMain]","line":77,"method":"executeUserEntryPoint [as runMain]","native":false},{"column":47,"file":"node:internal/main/run_main_module","function":null,"line":17,"method":null,"native":false}]}
info: Connected to the database. {"timestamp":"2023-02-15T12:09:46.557Z"}
info: Server started at http://localhost:5000/api/v1/ {"timestamp":"2023-02-15T12:10:33.394Z"}
info: Connected to the database. {"timestamp":"2023-02-15T12:10:36.064Z"}
error: 
      status - 8000
      message - cannot create a new database -- already using 100 databases of 100 
      url - /api/v1/users 
      method - POST 
      IP - ::1
     {"timestamp":"2023-02-15T12:11:38.578Z"}
error: 
    status - 500 
    message - RangeError: Invalid status code: 8000
    at new NodeError (node:internal/errors:372:5)
    at ServerResponse.writeHead (node:_http_server:275:11)
    at ServerResponse.writeHead (D:\Demo\awesome-project\node_modules\on-headers\index.js:44:26)
    at ServerResponse._implicitHeader (node:_http_server:266:8)
    at write_ (node:_http_outgoing:766:9)
    at ServerResponse.end (node:_http_outgoing:855:5)
    at ServerResponse.send (D:\Demo\awesome-project\node_modules\express\lib\response.js:232:10)
    at ServerResponse.json (D:\Demo\awesome-project\node_modules\express\lib\response.js:278:15)
    at appErrorHandler (D:\Demo\awesome-project\src\middlewares\/error.middleware.js:36:26)
    at Layer.handle_error (D:\Demo\awesome-project\node_modules\express\lib\router\layer.js:71:5)
    at trim_prefix (D:\Demo\awesome-project\node_modules\express\lib\router\index.js:326:13)
    at D:\Demo\awesome-project\node_modules\express\lib\router\index.js:286:9
    at Function.process_params (D:\Demo\awesome-project\node_modules\express\lib\router\index.js:346:12)
    at Immediate.next (D:\Demo\awesome-project\node_modules\express\lib\router\index.js:280:10)
    at Immediate._onImmediate (D:\Demo\awesome-project\node_modules\express\lib\router\index.js:646:15)
    at processImmediate (node:internal/timers:468:21) 
    url - /api/v1/users 
    method - POST 
    IP - ::1
   {"timestamp":"2023-02-15T12:11:38.645Z"}
info: Server started at http://localhost:5000/api/v1/ {"timestamp":"2023-02-15T12:12:06.329Z"}
error: uncaughtException: listen EADDRINUSE: address already in use :::5000
Error: listen EADDRINUSE: address already in use :::5000
    at Server.setupListenHandle [as _listen2] (node:net:1372:16)
    at listenInCluster (node:net:1420:12)
    at Server.listen (node:net:1508:7)
    at Function.listen (D:\Demo\awesome-project\node_modules\express\lib\application.js:635:24)
    at Object.<anonymous> (D:\Demo\awesome-project\src\/index.js:37:5)
    at Module._compile (node:internal/modules/cjs/loader:1105:14)
    at Module._compile (D:\Demo\awesome-project\node_modules\pirates\lib\index.js:136:24)
    at Module._extensions..js (node:internal/modules/cjs/loader:1159:10)
    at Object.newLoader [as .js] (D:\Demo\awesome-project\node_modules\pirates\lib\index.js:141:7)
    at Module.load (node:internal/modules/cjs/loader:981:32)
    at Function.Module._load (node:internal/modules/cjs/loader:822:12)
    at Function.runMain (node:internal/modules/run_main:77:12)
    at Object.<anonymous> (D:\Demo\awesome-project\node_modules\@babel\node\src\_babel-node.ts:223:12)
    at Module._compile (node:internal/modules/cjs/loader:1105:14)
    at Object.Module._extensions..js (node:internal/modules/cjs/loader:1159:10)
    at Module.load (node:internal/modules/cjs/loader:981:32)
    at Function.Module._load (node:internal/modules/cjs/loader:822:12)
    at Function.executeUserEntryPoint [as runMain] (node:internal/modules/run_main:77:12)
    at node:internal/main/run_main_module:17:47 {"date":"Wed Feb 15 2023 17:42:06 GMT+0530 (India Standard Time)","error":{"address":"::","code":"EADDRINUSE","errno":-4091,"port":5000,"syscall":"listen"},"exception":true,"os":{"loadavg":[0,0,0],"uptime":2493562},"process":{"argv":["node","D:\\Demo\\awesome-project\\src\\index.js"],"cwd":"D:\\Demo\\awesome-project","execPath":"C:\\Program Files\\nodejs\\node.exe","gid":null,"memoryUsage":{"arrayBuffers":19438232,"external":23883524,"heapTotal":78454784,"heapUsed":54268160,"rss":112828416},"pid":22972,"uid":null,"version":"v16.15.0"},"stack":"Error: listen EADDRINUSE: address already in use :::5000\n    at Server.setupListenHandle [as _listen2] (node:net:1372:16)\n    at listenInCluster (node:net:1420:12)\n    at Server.listen (node:net:1508:7)\n    at Function.listen (D:\\Demo\\awesome-project\\node_modules\\express\\lib\\application.js:635:24)\n    at Object.<anonymous> (D:\\Demo\\awesome-project\\src\\/index.js:37:5)\n    at Module._compile (node:internal/modules/cjs/loader:1105:14)\n    at Module._compile (D:\\Demo\\awesome-project\\node_modules\\pirates\\lib\\index.js:136:24)\n    at Module._extensions..js (node:internal/modules/cjs/loader:1159:10)\n    at Object.newLoader [as .js] (D:\\Demo\\awesome-project\\node_modules\\pirates\\lib\\index.js:141:7)\n    at Module.load (node:internal/modules/cjs/loader:981:32)\n    at Function.Module._load (node:internal/modules/cjs/loader:822:12)\n    at Function.runMain (node:internal/modules/run_main:77:12)\n    at Object.<anonymous> (D:\\Demo\\awesome-project\\node_modules\\@babel\\node\\src\\_babel-node.ts:223:12)\n    at Module._compile (node:internal/modules/cjs/loader:1105:14)\n    at Object.Module._extensions..js (node:internal/modules/cjs/loader:1159:10)\n    at Module.load (node:internal/modules/cjs/loader:981:32)\n    at Function.Module._load (node:internal/modules/cjs/loader:822:12)\n    at Function.executeUserEntryPoint [as runMain] (node:internal/modules/run_main:77:12)\n    at node:internal/main/run_main_module:17:47","timestamp":"2023-02-15T12:12:06.413Z","trace":[{"column":16,"file":"node:net","function":"Server.setupListenHandle [as _listen2]","line":1372,"method":"setupListenHandle [as _listen2]","native":false},{"column":12,"file":"node:net","function":"listenInCluster","line":1420,"method":null,"native":false},{"column":7,"file":"node:net","function":"Server.listen","line":1508,"method":"listen","native":false},{"column":24,"file":"D:\\Demo\\awesome-project\\node_modules\\express\\lib\\application.js","function":"Function.listen","line":635,"method":"listen","native":false},{"column":5,"file":"D:\\Demo\\awesome-project\\src\\/index.js","function":null,"line":37,"method":null,"native":false},{"column":14,"file":"node:internal/modules/cjs/loader","function":"Module._compile","line":1105,"method":"_compile","native":false},{"column":24,"file":"D:\\Demo\\awesome-project\\node_modules\\pirates\\lib\\index.js","function":"Module._compile","line":136,"method":"_compile","native":false},{"column":10,"file":"node:internal/modules/cjs/loader","function":"Module._extensions..js","line":1159,"method":".js","native":false},{"column":7,"file":"D:\\Demo\\awesome-project\\node_modules\\pirates\\lib\\index.js","function":"Object.newLoader [as .js]","line":141,"method":"js]","native":false},{"column":32,"file":"node:internal/modules/cjs/loader","function":"Module.load","line":981,"method":"load","native":false},{"column":12,"file":"node:internal/modules/cjs/loader","function":"Module._load","line":822,"method":"_load","native":false},{"column":12,"file":"node:internal/modules/run_main","function":"Function.runMain","line":77,"method":"runMain","native":false},{"column":12,"file":"D:\\Demo\\awesome-project\\node_modules\\@babel\\node\\src\\_babel-node.ts","function":null,"line":223,"method":null,"native":false},{"column":14,"file":"node:internal/modules/cjs/loader","function":"Module._compile","line":1105,"method":"_compile","native":false},{"column":10,"file":"node:internal/modules/cjs/loader","function":"Module._extensions..js","line":1159,"method":".js","native":false},{"column":32,"file":"node:internal/modules/cjs/loader","function":"Module.load","line":981,"method":"load","native":false},{"column":12,"file":"node:internal/modules/cjs/loader","function":"Module._load","line":822,"method":"_load","native":false},{"column":12,"file":"node:internal/modules/run_main","function":"Function.executeUserEntryPoint [as runMain]","line":77,"method":"executeUserEntryPoint [as runMain]","native":false},{"column":47,"file":"node:internal/main/run_main_module","function":null,"line":17,"method":null,"native":false}]}
info: Connected to the database. {"timestamp":"2023-02-15T12:12:08.987Z"}
info: Server started at http://localhost:5000/api/v1/ {"timestamp":"2023-02-15T12:19:36.344Z"}
info: Connected to the database. {"timestamp":"2023-02-15T12:19:36.368Z"}
error: uncaughtException: listen EADDRINUSE: address already in use :::5000
Error: listen EADDRINUSE: address already in use :::5000
    at Server.setupListenHandle [as _listen2] (node:net:1372:16)
    at listenInCluster (node:net:1420:12)
    at Server.listen (node:net:1508:7)
    at Function.listen (D:\Demo\awesome-project\node_modules\express\lib\application.js:635:24)
    at Object.<anonymous> (D:\Demo\awesome-project\src\/index.js:37:5)
    at Module._compile (node:internal/modules/cjs/loader:1105:14)
    at Module._compile (D:\Demo\awesome-project\node_modules\pirates\lib\index.js:136:24)
    at Module._extensions..js (node:internal/modules/cjs/loader:1159:10)
    at Object.newLoader [as .js] (D:\Demo\awesome-project\node_modules\pirates\lib\index.js:141:7)
    at Module.load (node:internal/modules/cjs/loader:981:32)
    at Function.Module._load (node:internal/modules/cjs/loader:822:12)
    at Function.runMain (node:internal/modules/run_main:77:12)
    at Object.<anonymous> (D:\Demo\awesome-project\node_modules\@babel\node\src\_babel-node.ts:223:12)
    at Module._compile (node:internal/modules/cjs/loader:1105:14)
    at Object.Module._extensions..js (node:internal/modules/cjs/loader:1159:10)
    at Module.load (node:internal/modules/cjs/loader:981:32)
    at Function.Module._load (node:internal/modules/cjs/loader:822:12)
    at Function.executeUserEntryPoint [as runMain] (node:internal/modules/run_main:77:12)
    at node:internal/main/run_main_module:17:47 {"date":"Wed Feb 15 2023 17:49:37 GMT+0530 (India Standard Time)","error":{"address":"::","code":"EADDRINUSE","errno":-4091,"port":5000,"syscall":"listen"},"exception":true,"os":{"loadavg":[0,0,0],"uptime":2494013},"process":{"argv":["node","D:\\Demo\\awesome-project\\src\\index.js"],"cwd":"D:\\Demo\\awesome-project","execPath":"C:\\Program Files\\nodejs\\node.exe","gid":null,"memoryUsage":{"arrayBuffers":19525178,"external":31092335,"heapTotal":79245312,"heapUsed":55394392,"rss":112246784},"pid":11468,"uid":null,"version":"v16.15.0"},"stack":"Error: listen EADDRINUSE: address already in use :::5000\n    at Server.setupListenHandle [as _listen2] (node:net:1372:16)\n    at listenInCluster (node:net:1420:12)\n    at Server.listen (node:net:1508:7)\n    at Function.listen (D:\\Demo\\awesome-project\\node_modules\\express\\lib\\application.js:635:24)\n    at Object.<anonymous> (D:\\Demo\\awesome-project\\src\\/index.js:37:5)\n    at Module._compile (node:internal/modules/cjs/loader:1105:14)\n    at Module._compile (D:\\Demo\\awesome-project\\node_modules\\pirates\\lib\\index.js:136:24)\n    at Module._extensions..js (node:internal/modules/cjs/loader:1159:10)\n    at Object.newLoader [as .js] (D:\\Demo\\awesome-project\\node_modules\\pirates\\lib\\index.js:141:7)\n    at Module.load (node:internal/modules/cjs/loader:981:32)\n    at Function.Module._load (node:internal/modules/cjs/loader:822:12)\n    at Function.runMain (node:internal/modules/run_main:77:12)\n    at Object.<anonymous> (D:\\Demo\\awesome-project\\node_modules\\@babel\\node\\src\\_babel-node.ts:223:12)\n    at Module._compile (node:internal/modules/cjs/loader:1105:14)\n    at Object.Module._extensions..js (node:internal/modules/cjs/loader:1159:10)\n    at Module.load (node:internal/modules/cjs/loader:981:32)\n    at Function.Module._load (node:internal/modules/cjs/loader:822:12)\n    at Function.executeUserEntryPoint [as runMain] (node:internal/modules/run_main:77:12)\n    at node:internal/main/run_main_module:17:47","timestamp":"2023-02-15T12:19:37.433Z","trace":[{"column":16,"file":"node:net","function":"Server.setupListenHandle [as _listen2]","line":1372,"method":"setupListenHandle [as _listen2]","native":false},{"column":12,"file":"node:net","function":"listenInCluster","line":1420,"method":null,"native":false},{"column":7,"file":"node:net","function":"Server.listen","line":1508,"method":"listen","native":false},{"column":24,"file":"D:\\Demo\\awesome-project\\node_modules\\express\\lib\\application.js","function":"Function.listen","line":635,"method":"listen","native":false},{"column":5,"file":"D:\\Demo\\awesome-project\\src\\/index.js","function":null,"line":37,"method":null,"native":false},{"column":14,"file":"node:internal/modules/cjs/loader","function":"Module._compile","line":1105,"method":"_compile","native":false},{"column":24,"file":"D:\\Demo\\awesome-project\\node_modules\\pirates\\lib\\index.js","function":"Module._compile","line":136,"method":"_compile","native":false},{"column":10,"file":"node:internal/modules/cjs/loader","function":"Module._extensions..js","line":1159,"method":".js","native":false},{"column":7,"file":"D:\\Demo\\awesome-project\\node_modules\\pirates\\lib\\index.js","function":"Object.newLoader [as .js]","line":141,"method":"js]","native":false},{"column":32,"file":"node:internal/modules/cjs/loader","function":"Module.load","line":981,"method":"load","native":false},{"column":12,"file":"node:internal/modules/cjs/loader","function":"Module._load","line":822,"method":"_load","native":false},{"column":12,"file":"node:internal/modules/run_main","function":"Function.runMain","line":77,"method":"runMain","native":false},{"column":12,"file":"D:\\Demo\\awesome-project\\node_modules\\@babel\\node\\src\\_babel-node.ts","function":null,"line":223,"method":null,"native":false},{"column":14,"file":"node:internal/modules/cjs/loader","function":"Module._compile","line":1105,"method":"_compile","native":false},{"column":10,"file":"node:internal/modules/cjs/loader","function":"Module._extensions..js","line":1159,"method":".js","native":false},{"column":32,"file":"node:internal/modules/cjs/loader","function":"Module.load","line":981,"method":"load","native":false},{"column":12,"file":"node:internal/modules/cjs/loader","function":"Module._load","line":822,"method":"_load","native":false},{"column":12,"file":"node:internal/modules/run_main","function":"Function.executeUserEntryPoint [as runMain]","line":77,"method":"executeUserEntryPoint [as runMain]","native":false},{"column":47,"file":"node:internal/main/run_main_module","function":null,"line":17,"method":null,"native":false}]}
info: Connected to the database. {"timestamp":"2023-02-15T12:19:37.515Z"}
info: Server started at http://localhost:3000/api/v1/ {"timestamp":"2023-02-15T12:31:51.815Z"}
info: Connected to the database. {"timestamp":"2023-02-15T12:31:51.821Z"}
info: Server started at http://localhost:3000/api/v1/ {"timestamp":"2023-02-15T12:34:23.242Z"}
info: Connected to the database. {"timestamp":"2023-02-15T12:34:23.249Z"}
info: Server started at http://localhost:3000/api/v1/ {"timestamp":"2023-02-15T12:36:18.601Z"}
info: Connected to the database. {"timestamp":"2023-02-15T12:36:18.609Z"}
error: uncaughtException: listen EADDRINUSE: address already in use :::3000
Error: listen EADDRINUSE: address already in use :::3000
    at Server.setupListenHandle [as _listen2] (node:net:1372:16)
    at listenInCluster (node:net:1420:12)
    at Server.listen (node:net:1508:7)
    at Function.listen (D:\Demo\awesome-project\node_modules\express\lib\application.js:635:24)
    at Object.<anonymous> (D:\Demo\awesome-project\src\/index.js:37:5)
    at Module._compile (node:internal/modules/cjs/loader:1105:14)
    at Module._compile (D:\Demo\awesome-project\node_modules\pirates\lib\index.js:136:24)
    at Module._extensions..js (node:internal/modules/cjs/loader:1159:10)
    at Object.newLoader [as .js] (D:\Demo\awesome-project\node_modules\pirates\lib\index.js:141:7)
    at Module.load (node:internal/modules/cjs/loader:981:32)
    at Function.Module._load (node:internal/modules/cjs/loader:822:12)
    at Function.runMain (node:internal/modules/run_main:77:12)
    at Object.<anonymous> (D:\Demo\awesome-project\node_modules\@babel\node\src\_babel-node.ts:223:12)
    at Module._compile (node:internal/modules/cjs/loader:1105:14)
    at Object.Module._extensions..js (node:internal/modules/cjs/loader:1159:10)
    at Module.load (node:internal/modules/cjs/loader:981:32)
    at Function.Module._load (node:internal/modules/cjs/loader:822:12)
    at Function.executeUserEntryPoint [as runMain] (node:internal/modules/run_main:77:12)
    at node:internal/main/run_main_module:17:47 {"date":"Wed Feb 15 2023 18:06:18 GMT+0530 (India Standard Time)","error":{"address":"::","code":"EADDRINUSE","errno":-4091,"port":3000,"syscall":"listen"},"exception":true,"os":{"loadavg":[0,0,0],"uptime":2495014},"process":{"argv":["node","D:\\Demo\\awesome-project\\src\\index.js"],"cwd":"D:\\Demo\\awesome-project","execPath":"C:\\Program Files\\nodejs\\node.exe","gid":null,"memoryUsage":{"arrayBuffers":19449949,"external":23869111,"heapTotal":78458880,"heapUsed":54818936,"rss":112295936},"pid":15084,"uid":null,"version":"v16.15.0"},"stack":"Error: listen EADDRINUSE: address already in use :::3000\n    at Server.setupListenHandle [as _listen2] (node:net:1372:16)\n    at listenInCluster (node:net:1420:12)\n    at Server.listen (node:net:1508:7)\n    at Function.listen (D:\\Demo\\awesome-project\\node_modules\\express\\lib\\application.js:635:24)\n    at Object.<anonymous> (D:\\Demo\\awesome-project\\src\\/index.js:37:5)\n    at Module._compile (node:internal/modules/cjs/loader:1105:14)\n    at Module._compile (D:\\Demo\\awesome-project\\node_modules\\pirates\\lib\\index.js:136:24)\n    at Module._extensions..js (node:internal/modules/cjs/loader:1159:10)\n    at Object.newLoader [as .js] (D:\\Demo\\awesome-project\\node_modules\\pirates\\lib\\index.js:141:7)\n    at Module.load (node:internal/modules/cjs/loader:981:32)\n    at Function.Module._load (node:internal/modules/cjs/loader:822:12)\n    at Function.runMain (node:internal/modules/run_main:77:12)\n    at Object.<anonymous> (D:\\Demo\\awesome-project\\node_modules\\@babel\\node\\src\\_babel-node.ts:223:12)\n    at Module._compile (node:internal/modules/cjs/loader:1105:14)\n    at Object.Module._extensions..js (node:internal/modules/cjs/loader:1159:10)\n    at Module.load (node:internal/modules/cjs/loader:981:32)\n    at Function.Module._load (node:internal/modules/cjs/loader:822:12)\n    at Function.executeUserEntryPoint [as runMain] (node:internal/modules/run_main:77:12)\n    at node:internal/main/run_main_module:17:47","timestamp":"2023-02-15T12:36:18.937Z","trace":[{"column":16,"file":"node:net","function":"Server.setupListenHandle [as _listen2]","line":1372,"method":"setupListenHandle [as _listen2]","native":false},{"column":12,"file":"node:net","function":"listenInCluster","line":1420,"method":null,"native":false},{"column":7,"file":"node:net","function":"Server.listen","line":1508,"method":"listen","native":false},{"column":24,"file":"D:\\Demo\\awesome-project\\node_modules\\express\\lib\\application.js","function":"Function.listen","line":635,"method":"listen","native":false},{"column":5,"file":"D:\\Demo\\awesome-project\\src\\/index.js","function":null,"line":37,"method":null,"native":false},{"column":14,"file":"node:internal/modules/cjs/loader","function":"Module._compile","line":1105,"method":"_compile","native":false},{"column":24,"file":"D:\\Demo\\awesome-project\\node_modules\\pirates\\lib\\index.js","function":"Module._compile","line":136,"method":"_compile","native":false},{"column":10,"file":"node:internal/modules/cjs/loader","function":"Module._extensions..js","line":1159,"method":".js","native":false},{"column":7,"file":"D:\\Demo\\awesome-project\\node_modules\\pirates\\lib\\index.js","function":"Object.newLoader [as .js]","line":141,"method":"js]","native":false},{"column":32,"file":"node:internal/modules/cjs/loader","function":"Module.load","line":981,"method":"load","native":false},{"column":12,"file":"node:internal/modules/cjs/loader","function":"Module._load","line":822,"method":"_load","native":false},{"column":12,"file":"node:internal/modules/run_main","function":"Function.runMain","line":77,"method":"runMain","native":false},{"column":12,"file":"D:\\Demo\\awesome-project\\node_modules\\@babel\\node\\src\\_babel-node.ts","function":null,"line":223,"method":null,"native":false},{"column":14,"file":"node:internal/modules/cjs/loader","function":"Module._compile","line":1105,"method":"_compile","native":false},{"column":10,"file":"node:internal/modules/cjs/loader","function":"Module._extensions..js","line":1159,"method":".js","native":false},{"column":32,"file":"node:internal/modules/cjs/loader","function":"Module.load","line":981,"method":"load","native":false},{"column":12,"file":"node:internal/modules/cjs/loader","function":"Module._load","line":822,"method":"_load","native":false},{"column":12,"file":"node:internal/modules/run_main","function":"Function.executeUserEntryPoint [as runMain]","line":77,"method":"executeUserEntryPoint [as runMain]","native":false},{"column":47,"file":"node:internal/main/run_main_module","function":null,"line":17,"method":null,"native":false}]}
info: Connected to the database. {"timestamp":"2023-02-15T12:36:18.984Z"}
info: Server started at http://localhost:4000/api/v1/ {"timestamp":"2023-02-15T12:37:27.408Z"}
info: Connected to the database. {"timestamp":"2023-02-15T12:37:27.417Z"}
error: uncaughtException: listen EADDRINUSE: address already in use :::4000
Error: listen EADDRINUSE: address already in use :::4000
    at Server.setupListenHandle [as _listen2] (node:net:1372:16)
    at listenInCluster (node:net:1420:12)
    at Server.listen (node:net:1508:7)
    at Function.listen (D:\Demo\awesome-project\node_modules\express\lib\application.js:635:24)
    at Object.<anonymous> (D:\Demo\awesome-project\src\/index.js:37:5)
    at Module._compile (node:internal/modules/cjs/loader:1105:14)
    at Module._compile (D:\Demo\awesome-project\node_modules\pirates\lib\index.js:136:24)
    at Module._extensions..js (node:internal/modules/cjs/loader:1159:10)
    at Object.newLoader [as .js] (D:\Demo\awesome-project\node_modules\pirates\lib\index.js:141:7)
    at Module.load (node:internal/modules/cjs/loader:981:32)
    at Function.Module._load (node:internal/modules/cjs/loader:822:12)
    at Function.runMain (node:internal/modules/run_main:77:12)
    at Object.<anonymous> (D:\Demo\awesome-project\node_modules\@babel\node\src\_babel-node.ts:223:12)
    at Module._compile (node:internal/modules/cjs/loader:1105:14)
    at Object.Module._extensions..js (node:internal/modules/cjs/loader:1159:10)
    at Module.load (node:internal/modules/cjs/loader:981:32)
    at Function.Module._load (node:internal/modules/cjs/loader:822:12)
    at Function.executeUserEntryPoint [as runMain] (node:internal/modules/run_main:77:12)
    at node:internal/main/run_main_module:17:47 {"date":"Wed Feb 15 2023 18:07:27 GMT+0530 (India Standard Time)","error":{"address":"::","code":"EADDRINUSE","errno":-4091,"port":4000,"syscall":"listen"},"exception":true,"os":{"loadavg":[0,0,0],"uptime":2495083},"process":{"argv":["node","D:\\Demo\\awesome-project\\src\\index.js"],"cwd":"D:\\Demo\\awesome-project","execPath":"C:\\Program Files\\nodejs\\node.exe","gid":null,"memoryUsage":{"arrayBuffers":19065830,"external":31094179,"heapTotal":78458880,"heapUsed":50490440,"rss":112480256},"pid":16348,"uid":null,"version":"v16.15.0"},"stack":"Error: listen EADDRINUSE: address already in use :::4000\n    at Server.setupListenHandle [as _listen2] (node:net:1372:16)\n    at listenInCluster (node:net:1420:12)\n    at Server.listen (node:net:1508:7)\n    at Function.listen (D:\\Demo\\awesome-project\\node_modules\\express\\lib\\application.js:635:24)\n    at Object.<anonymous> (D:\\Demo\\awesome-project\\src\\/index.js:37:5)\n    at Module._compile (node:internal/modules/cjs/loader:1105:14)\n    at Module._compile (D:\\Demo\\awesome-project\\node_modules\\pirates\\lib\\index.js:136:24)\n    at Module._extensions..js (node:internal/modules/cjs/loader:1159:10)\n    at Object.newLoader [as .js] (D:\\Demo\\awesome-project\\node_modules\\pirates\\lib\\index.js:141:7)\n    at Module.load (node:internal/modules/cjs/loader:981:32)\n    at Function.Module._load (node:internal/modules/cjs/loader:822:12)\n    at Function.runMain (node:internal/modules/run_main:77:12)\n    at Object.<anonymous> (D:\\Demo\\awesome-project\\node_modules\\@babel\\node\\src\\_babel-node.ts:223:12)\n    at Module._compile (node:internal/modules/cjs/loader:1105:14)\n    at Object.Module._extensions..js (node:internal/modules/cjs/loader:1159:10)\n    at Module.load (node:internal/modules/cjs/loader:981:32)\n    at Function.Module._load (node:internal/modules/cjs/loader:822:12)\n    at Function.executeUserEntryPoint [as runMain] (node:internal/modules/run_main:77:12)\n    at node:internal/main/run_main_module:17:47","timestamp":"2023-02-15T12:37:27.627Z","trace":[{"column":16,"file":"node:net","function":"Server.setupListenHandle [as _listen2]","line":1372,"method":"setupListenHandle [as _listen2]","native":false},{"column":12,"file":"node:net","function":"listenInCluster","line":1420,"method":null,"native":false},{"column":7,"file":"node:net","function":"Server.listen","line":1508,"method":"listen","native":false},{"column":24,"file":"D:\\Demo\\awesome-project\\node_modules\\express\\lib\\application.js","function":"Function.listen","line":635,"method":"listen","native":false},{"column":5,"file":"D:\\Demo\\awesome-project\\src\\/index.js","function":null,"line":37,"method":null,"native":false},{"column":14,"file":"node:internal/modules/cjs/loader","function":"Module._compile","line":1105,"method":"_compile","native":false},{"column":24,"file":"D:\\Demo\\awesome-project\\node_modules\\pirates\\lib\\index.js","function":"Module._compile","line":136,"method":"_compile","native":false},{"column":10,"file":"node:internal/modules/cjs/loader","function":"Module._extensions..js","line":1159,"method":".js","native":false},{"column":7,"file":"D:\\Demo\\awesome-project\\node_modules\\pirates\\lib\\index.js","function":"Object.newLoader [as .js]","line":141,"method":"js]","native":false},{"column":32,"file":"node:internal/modules/cjs/loader","function":"Module.load","line":981,"method":"load","native":false},{"column":12,"file":"node:internal/modules/cjs/loader","function":"Module._load","line":822,"method":"_load","native":false},{"column":12,"file":"node:internal/modules/run_main","function":"Function.runMain","line":77,"method":"runMain","native":false},{"column":12,"file":"D:\\Demo\\awesome-project\\node_modules\\@babel\\node\\src\\_babel-node.ts","function":null,"line":223,"method":null,"native":false},{"column":14,"file":"node:internal/modules/cjs/loader","function":"Module._compile","line":1105,"method":"_compile","native":false},{"column":10,"file":"node:internal/modules/cjs/loader","function":"Module._extensions..js","line":1159,"method":".js","native":false},{"column":32,"file":"node:internal/modules/cjs/loader","function":"Module.load","line":981,"method":"load","native":false},{"column":12,"file":"node:internal/modules/cjs/loader","function":"Module._load","line":822,"method":"_load","native":false},{"column":12,"file":"node:internal/modules/run_main","function":"Function.executeUserEntryPoint [as runMain]","line":77,"method":"executeUserEntryPoint [as runMain]","native":false},{"column":47,"file":"node:internal/main/run_main_module","function":null,"line":17,"method":null,"native":false}]}
info: Connected to the database. {"timestamp":"2023-02-15T12:37:27.691Z"}
info: Server started at http://localhost:4000/api/v1/ {"timestamp":"2023-02-15T12:37:51.153Z"}
info: Connected to the database. {"timestamp":"2023-02-15T12:37:51.263Z"}
error: uncaughtException: listen EADDRINUSE: address already in use :::4000
Error: listen EADDRINUSE: address already in use :::4000
    at Server.setupListenHandle [as _listen2] (node:net:1372:16)
    at listenInCluster (node:net:1420:12)
    at Server.listen (node:net:1508:7)
    at Function.listen (D:\Demo\awesome-project\node_modules\express\lib\application.js:635:24)
    at Object.<anonymous> (D:\Demo\awesome-project\src\/index.js:37:5)
    at Module._compile (node:internal/modules/cjs/loader:1105:14)
    at Module._compile (D:\Demo\awesome-project\node_modules\pirates\lib\index.js:136:24)
    at Module._extensions..js (node:internal/modules/cjs/loader:1159:10)
    at Object.newLoader [as .js] (D:\Demo\awesome-project\node_modules\pirates\lib\index.js:141:7)
    at Module.load (node:internal/modules/cjs/loader:981:32)
    at Function.Module._load (node:internal/modules/cjs/loader:822:12)
    at Function.runMain (node:internal/modules/run_main:77:12)
    at Object.<anonymous> (D:\Demo\awesome-project\node_modules\@babel\node\src\_babel-node.ts:223:12)
    at Module._compile (node:internal/modules/cjs/loader:1105:14)
    at Object.Module._extensions..js (node:internal/modules/cjs/loader:1159:10)
    at Module.load (node:internal/modules/cjs/loader:981:32)
    at Function.Module._load (node:internal/modules/cjs/loader:822:12)
    at Function.executeUserEntryPoint [as runMain] (node:internal/modules/run_main:77:12)
    at node:internal/main/run_main_module:17:47 {"date":"Wed Feb 15 2023 18:07:51 GMT+0530 (India Standard Time)","error":{"address":"::","code":"EADDRINUSE","errno":-4091,"port":4000,"syscall":"listen"},"exception":true,"os":{"loadavg":[0,0,0],"uptime":2495107},"process":{"argv":["node","D:\\Demo\\awesome-project\\src\\index.js"],"cwd":"D:\\Demo\\awesome-project","execPath":"C:\\Program Files\\nodejs\\node.exe","gid":null,"memoryUsage":{"arrayBuffers":19398915,"external":23832678,"heapTotal":78196736,"heapUsed":54445200,"rss":112259072},"pid":6264,"uid":null,"version":"v16.15.0"},"stack":"Error: listen EADDRINUSE: address already in use :::4000\n    at Server.setupListenHandle [as _listen2] (node:net:1372:16)\n    at listenInCluster (node:net:1420:12)\n    at Server.listen (node:net:1508:7)\n    at Function.listen (D:\\Demo\\awesome-project\\node_modules\\express\\lib\\application.js:635:24)\n    at Object.<anonymous> (D:\\Demo\\awesome-project\\src\\/index.js:37:5)\n    at Module._compile (node:internal/modules/cjs/loader:1105:14)\n    at Module._compile (D:\\Demo\\awesome-project\\node_modules\\pirates\\lib\\index.js:136:24)\n    at Module._extensions..js (node:internal/modules/cjs/loader:1159:10)\n    at Object.newLoader [as .js] (D:\\Demo\\awesome-project\\node_modules\\pirates\\lib\\index.js:141:7)\n    at Module.load (node:internal/modules/cjs/loader:981:32)\n    at Function.Module._load (node:internal/modules/cjs/loader:822:12)\n    at Function.runMain (node:internal/modules/run_main:77:12)\n    at Object.<anonymous> (D:\\Demo\\awesome-project\\node_modules\\@babel\\node\\src\\_babel-node.ts:223:12)\n    at Module._compile (node:internal/modules/cjs/loader:1105:14)\n    at Object.Module._extensions..js (node:internal/modules/cjs/loader:1159:10)\n    at Module.load (node:internal/modules/cjs/loader:981:32)\n    at Function.Module._load (node:internal/modules/cjs/loader:822:12)\n    at Function.executeUserEntryPoint [as runMain] (node:internal/modules/run_main:77:12)\n    at node:internal/main/run_main_module:17:47","timestamp":"2023-02-15T12:37:51.547Z","trace":[{"column":16,"file":"node:net","function":"Server.setupListenHandle [as _listen2]","line":1372,"method":"setupListenHandle [as _listen2]","native":false},{"column":12,"file":"node:net","function":"listenInCluster","line":1420,"method":null,"native":false},{"column":7,"file":"node:net","function":"Server.listen","line":1508,"method":"listen","native":false},{"column":24,"file":"D:\\Demo\\awesome-project\\node_modules\\express\\lib\\application.js","function":"Function.listen","line":635,"method":"listen","native":false},{"column":5,"file":"D:\\Demo\\awesome-project\\src\\/index.js","function":null,"line":37,"method":null,"native":false},{"column":14,"file":"node:internal/modules/cjs/loader","function":"Module._compile","line":1105,"method":"_compile","native":false},{"column":24,"file":"D:\\Demo\\awesome-project\\node_modules\\pirates\\lib\\index.js","function":"Module._compile","line":136,"method":"_compile","native":false},{"column":10,"file":"node:internal/modules/cjs/loader","function":"Module._extensions..js","line":1159,"method":".js","native":false},{"column":7,"file":"D:\\Demo\\awesome-project\\node_modules\\pirates\\lib\\index.js","function":"Object.newLoader [as .js]","line":141,"method":"js]","native":false},{"column":32,"file":"node:internal/modules/cjs/loader","function":"Module.load","line":981,"method":"load","native":false},{"column":12,"file":"node:internal/modules/cjs/loader","function":"Module._load","line":822,"method":"_load","native":false},{"column":12,"file":"node:internal/modules/run_main","function":"Function.runMain","line":77,"method":"runMain","native":false},{"column":12,"file":"D:\\Demo\\awesome-project\\node_modules\\@babel\\node\\src\\_babel-node.ts","function":null,"line":223,"method":null,"native":false},{"column":14,"file":"node:internal/modules/cjs/loader","function":"Module._compile","line":1105,"method":"_compile","native":false},{"column":10,"file":"node:internal/modules/cjs/loader","function":"Module._extensions..js","line":1159,"method":".js","native":false},{"column":32,"file":"node:internal/modules/cjs/loader","function":"Module.load","line":981,"method":"load","native":false},{"column":12,"file":"node:internal/modules/cjs/loader","function":"Module._load","line":822,"method":"_load","native":false},{"column":12,"file":"node:internal/modules/run_main","function":"Function.executeUserEntryPoint [as runMain]","line":77,"method":"executeUserEntryPoint [as runMain]","native":false},{"column":47,"file":"node:internal/main/run_main_module","function":null,"line":17,"method":null,"native":false}]}
info: Connected to the database. {"timestamp":"2023-02-15T12:37:51.647Z"}
info: Server started at http://localhost:3000/api/v1/ {"timestamp":"2023-02-15T12:40:12.360Z"}
info: Connected to the database. {"timestamp":"2023-02-15T12:40:12.367Z"}
info: Server started at http://localhost:3000/api/v1/ {"timestamp":"2023-02-15T12:42:37.318Z"}
info: Connected to the database. {"timestamp":"2023-02-15T12:42:37.325Z"}
error: 
      status - 8000
      message - cannot create a new database -- already using 100 databases of 100 
      url - /api/v1/users 
      method - POST 
      IP - ::1
     {"timestamp":"2023-02-15T12:43:07.496Z"}
error: 
    status - 500 
    message - RangeError: Invalid status code: 8000
    at new NodeError (node:internal/errors:372:5)
    at ServerResponse.writeHead (node:_http_server:275:11)
    at ServerResponse.writeHead (D:\Demo\awesome-project\node_modules\on-headers\index.js:44:26)
    at ServerResponse._implicitHeader (node:_http_server:266:8)
    at write_ (node:_http_outgoing:766:9)
    at ServerResponse.end (node:_http_outgoing:855:5)
    at ServerResponse.send (D:\Demo\awesome-project\node_modules\express\lib\response.js:232:10)
    at ServerResponse.json (D:\Demo\awesome-project\node_modules\express\lib\response.js:278:15)
    at appErrorHandler (D:\Demo\awesome-project\src\middlewares\/error.middleware.js:36:26)
    at Layer.handle_error (D:\Demo\awesome-project\node_modules\express\lib\router\layer.js:71:5)
    at trim_prefix (D:\Demo\awesome-project\node_modules\express\lib\router\index.js:326:13)
    at D:\Demo\awesome-project\node_modules\express\lib\router\index.js:286:9
    at Function.process_params (D:\Demo\awesome-project\node_modules\express\lib\router\index.js:346:12)
    at Immediate.next (D:\Demo\awesome-project\node_modules\express\lib\router\index.js:280:10)
    at Immediate._onImmediate (D:\Demo\awesome-project\node_modules\express\lib\router\index.js:646:15)
    at processImmediate (node:internal/timers:468:21) 
    url - /api/v1/users 
    method - POST 
    IP - ::1
   {"timestamp":"2023-02-15T12:43:07.530Z"}
info: Server started at http://localhost:3000/api/v1/ {"timestamp":"2023-02-15T15:30:43.446Z"}
info: Connected to the database. {"timestamp":"2023-02-15T15:30:43.453Z"}
error: uncaughtException: listen EADDRINUSE: address already in use :::3000
Error: listen EADDRINUSE: address already in use :::3000
    at Server.setupListenHandle [as _listen2] (node:net:1372:16)
    at listenInCluster (node:net:1420:12)
    at Server.listen (node:net:1508:7)
    at Function.listen (D:\Demo\awesome-project\node_modules\express\lib\application.js:635:24)
    at Object.<anonymous> (D:\Demo\awesome-project\src\/index.js:37:5)
    at Module._compile (node:internal/modules/cjs/loader:1105:14)
    at Module._compile (D:\Demo\awesome-project\node_modules\pirates\lib\index.js:136:24)
    at Module._extensions..js (node:internal/modules/cjs/loader:1159:10)
    at Object.newLoader [as .js] (D:\Demo\awesome-project\node_modules\pirates\lib\index.js:141:7)
    at Module.load (node:internal/modules/cjs/loader:981:32)
    at Function.Module._load (node:internal/modules/cjs/loader:822:12)
    at Function.runMain (node:internal/modules/run_main:77:12)
    at Object.<anonymous> (D:\Demo\awesome-project\node_modules\@babel\node\src\_babel-node.ts:223:12)
    at Module._compile (node:internal/modules/cjs/loader:1105:14)
    at Object.Module._extensions..js (node:internal/modules/cjs/loader:1159:10)
    at Module.load (node:internal/modules/cjs/loader:981:32) {"date":"Wed Feb 15 2023 21:02:58 GMT+0530 (India Standard Time)","error":{"address":"::","code":"EADDRINUSE","errno":-4091,"port":3000,"syscall":"listen"},"exception":true,"os":{"loadavg":[0,0,0],"uptime":2505614},"process":{"argv":["node","D:\\Demo\\awesome-project\\src\\index.js"],"cwd":"D:\\Demo\\awesome-project","execPath":"C:\\Program Files\\nodejs\\node.exe","gid":null,"memoryUsage":{"arrayBuffers":18388347,"external":30520942,"heapTotal":79257600,"heapUsed":43832232,"rss":110387200},"pid":9892,"uid":null,"version":"v16.15.0"},"stack":"Error: listen EADDRINUSE: address already in use :::3000\n    at Server.setupListenHandle [as _listen2] (node:net:1372:16)\n    at listenInCluster (node:net:1420:12)\n    at Server.listen (node:net:1508:7)\n    at Function.listen (D:\\Demo\\awesome-project\\node_modules\\express\\lib\\application.js:635:24)\n    at Object.<anonymous> (D:\\Demo\\awesome-project\\src\\/index.js:37:5)\n    at Module._compile (node:internal/modules/cjs/loader:1105:14)\n    at Module._compile (D:\\Demo\\awesome-project\\node_modules\\pirates\\lib\\index.js:136:24)\n    at Module._extensions..js (node:internal/modules/cjs/loader:1159:10)\n    at Object.newLoader [as .js] (D:\\Demo\\awesome-project\\node_modules\\pirates\\lib\\index.js:141:7)\n    at Module.load (node:internal/modules/cjs/loader:981:32)\n    at Function.Module._load (node:internal/modules/cjs/loader:822:12)\n    at Function.runMain (node:internal/modules/run_main:77:12)\n    at Object.<anonymous> (D:\\Demo\\awesome-project\\node_modules\\@babel\\node\\src\\_babel-node.ts:223:12)\n    at Module._compile (node:internal/modules/cjs/loader:1105:14)\n    at Object.Module._extensions..js (node:internal/modules/cjs/loader:1159:10)\n    at Module.load (node:internal/modules/cjs/loader:981:32)","timestamp":"2023-02-15T15:32:58.836Z","trace":[{"column":16,"file":"node:net","function":"Server.setupListenHandle [as _listen2]","line":1372,"method":"setupListenHandle [as _listen2]","native":false},{"column":12,"file":"node:net","function":"listenInCluster","line":1420,"method":null,"native":false},{"column":7,"file":"node:net","function":"Server.listen","line":1508,"method":"listen","native":false},{"column":24,"file":"D:\\Demo\\awesome-project\\node_modules\\express\\lib\\application.js","function":"Function.listen","line":635,"method":"listen","native":false},{"column":5,"file":"D:\\Demo\\awesome-project\\src\\/index.js","function":null,"line":37,"method":null,"native":false},{"column":14,"file":"node:internal/modules/cjs/loader","function":"Module._compile","line":1105,"method":"_compile","native":false},{"column":24,"file":"D:\\Demo\\awesome-project\\node_modules\\pirates\\lib\\index.js","function":"Module._compile","line":136,"method":"_compile","native":false},{"column":10,"file":"node:internal/modules/cjs/loader","function":"Module._extensions..js","line":1159,"method":".js","native":false},{"column":7,"file":"D:\\Demo\\awesome-project\\node_modules\\pirates\\lib\\index.js","function":"Object.newLoader [as .js]","line":141,"method":"js]","native":false},{"column":32,"file":"node:internal/modules/cjs/loader","function":"Module.load","line":981,"method":"load","native":false},{"column":12,"file":"node:internal/modules/cjs/loader","function":"Module._load","line":822,"method":"_load","native":false},{"column":12,"file":"node:internal/modules/run_main","function":"Function.runMain","line":77,"method":"runMain","native":false},{"column":12,"file":"D:\\Demo\\awesome-project\\node_modules\\@babel\\node\\src\\_babel-node.ts","function":null,"line":223,"method":null,"native":false},{"column":14,"file":"node:internal/modules/cjs/loader","function":"Module._compile","line":1105,"method":"_compile","native":false},{"column":10,"file":"node:internal/modules/cjs/loader","function":"Module._extensions..js","line":1159,"method":".js","native":false},{"column":32,"file":"node:internal/modules/cjs/loader","function":"Module.load","line":981,"method":"load","native":false}]}
info: Connected to the database. {"timestamp":"2023-02-15T15:32:58.897Z"}
info: Server started at http://localhost:4000/api/v1/ {"timestamp":"2023-02-15T15:33:36.348Z"}
info: Connected to the database. {"timestamp":"2023-02-15T15:33:36.354Z"}
error: uncaughtException: listen EADDRINUSE: address already in use :::3000
Error: listen EADDRINUSE: address already in use :::3000
    at Server.setupListenHandle [as _listen2] (node:net:1372:16)
    at listenInCluster (node:net:1420:12)
    at Server.listen (node:net:1508:7)
    at Function.listen (D:\Demo\awesome-project\node_modules\express\lib\application.js:635:24)
    at Object.<anonymous> (D:\Demo\awesome-project\src\/index.js:37:5)
    at Module._compile (node:internal/modules/cjs/loader:1105:14)
    at Module._compile (D:\Demo\awesome-project\node_modules\pirates\lib\index.js:136:24)
    at Module._extensions..js (node:internal/modules/cjs/loader:1159:10)
    at Object.newLoader [as .js] (D:\Demo\awesome-project\node_modules\pirates\lib\index.js:141:7)
    at Module.load (node:internal/modules/cjs/loader:981:32)
    at Function.Module._load (node:internal/modules/cjs/loader:822:12)
    at Function.runMain (node:internal/modules/run_main:77:12)
    at Object.<anonymous> (D:\Demo\awesome-project\node_modules\@babel\node\src\_babel-node.ts:223:12)
    at Module._compile (node:internal/modules/cjs/loader:1105:14)
    at Object.Module._extensions..js (node:internal/modules/cjs/loader:1159:10)
    at Module.load (node:internal/modules/cjs/loader:981:32) {"date":"Wed Feb 15 2023 21:06:41 GMT+0530 (India Standard Time)","error":{"address":"::","code":"EADDRINUSE","errno":-4091,"port":3000,"syscall":"listen"},"exception":true,"os":{"loadavg":[0,0,0],"uptime":2505837},"process":{"argv":["node","D:\\Demo\\awesome-project\\src\\index.js"],"cwd":"D:\\Demo\\awesome-project","execPath":"C:\\Program Files\\nodejs\\node.exe","gid":null,"memoryUsage":{"arrayBuffers":19158642,"external":30512750,"heapTotal":77684736,"heapUsed":51041080,"rss":109277184},"pid":6404,"uid":null,"version":"v16.15.0"},"stack":"Error: listen EADDRINUSE: address already in use :::3000\n    at Server.setupListenHandle [as _listen2] (node:net:1372:16)\n    at listenInCluster (node:net:1420:12)\n    at Server.listen (node:net:1508:7)\n    at Function.listen (D:\\Demo\\awesome-project\\node_modules\\express\\lib\\application.js:635:24)\n    at Object.<anonymous> (D:\\Demo\\awesome-project\\src\\/index.js:37:5)\n    at Module._compile (node:internal/modules/cjs/loader:1105:14)\n    at Module._compile (D:\\Demo\\awesome-project\\node_modules\\pirates\\lib\\index.js:136:24)\n    at Module._extensions..js (node:internal/modules/cjs/loader:1159:10)\n    at Object.newLoader [as .js] (D:\\Demo\\awesome-project\\node_modules\\pirates\\lib\\index.js:141:7)\n    at Module.load (node:internal/modules/cjs/loader:981:32)\n    at Function.Module._load (node:internal/modules/cjs/loader:822:12)\n    at Function.runMain (node:internal/modules/run_main:77:12)\n    at Object.<anonymous> (D:\\Demo\\awesome-project\\node_modules\\@babel\\node\\src\\_babel-node.ts:223:12)\n    at Module._compile (node:internal/modules/cjs/loader:1105:14)\n    at Object.Module._extensions..js (node:internal/modules/cjs/loader:1159:10)\n    at Module.load (node:internal/modules/cjs/loader:981:32)","timestamp":"2023-02-15T15:36:41.746Z","trace":[{"column":16,"file":"node:net","function":"Server.setupListenHandle [as _listen2]","line":1372,"method":"setupListenHandle [as _listen2]","native":false},{"column":12,"file":"node:net","function":"listenInCluster","line":1420,"method":null,"native":false},{"column":7,"file":"node:net","function":"Server.listen","line":1508,"method":"listen","native":false},{"column":24,"file":"D:\\Demo\\awesome-project\\node_modules\\express\\lib\\application.js","function":"Function.listen","line":635,"method":"listen","native":false},{"column":5,"file":"D:\\Demo\\awesome-project\\src\\/index.js","function":null,"line":37,"method":null,"native":false},{"column":14,"file":"node:internal/modules/cjs/loader","function":"Module._compile","line":1105,"method":"_compile","native":false},{"column":24,"file":"D:\\Demo\\awesome-project\\node_modules\\pirates\\lib\\index.js","function":"Module._compile","line":136,"method":"_compile","native":false},{"column":10,"file":"node:internal/modules/cjs/loader","function":"Module._extensions..js","line":1159,"method":".js","native":false},{"column":7,"file":"D:\\Demo\\awesome-project\\node_modules\\pirates\\lib\\index.js","function":"Object.newLoader [as .js]","line":141,"method":"js]","native":false},{"column":32,"file":"node:internal/modules/cjs/loader","function":"Module.load","line":981,"method":"load","native":false},{"column":12,"file":"node:internal/modules/cjs/loader","function":"Module._load","line":822,"method":"_load","native":false},{"column":12,"file":"node:internal/modules/run_main","function":"Function.runMain","line":77,"method":"runMain","native":false},{"column":12,"file":"D:\\Demo\\awesome-project\\node_modules\\@babel\\node\\src\\_babel-node.ts","function":null,"line":223,"method":null,"native":false},{"column":14,"file":"node:internal/modules/cjs/loader","function":"Module._compile","line":1105,"method":"_compile","native":false},{"column":10,"file":"node:internal/modules/cjs/loader","function":"Module._extensions..js","line":1159,"method":".js","native":false},{"column":32,"file":"node:internal/modules/cjs/loader","function":"Module.load","line":981,"method":"load","native":false}]}
info: Connected to the database. {"timestamp":"2023-02-15T15:36:41.911Z"}
info: Server started at http://localhost:5000/api/v1/ {"timestamp":"2023-02-15T15:37:09.609Z"}
info: Connected to the database. {"timestamp":"2023-02-15T15:37:09.615Z"}
info: Server started at http://localhost:5000/api/v1/ {"timestamp":"2023-02-16T06:27:58.747Z"}
info: Connected to the database. {"timestamp":"2023-02-16T06:27:58.787Z"}
error: 
      status - 8000
      message - cannot create a new database -- already using 100 databases of 100 
      url - /api/v1/users 
      method - POST 
      IP - ::1
     {"timestamp":"2023-02-16T06:29:58.661Z"}
error: 
    status - 500 
    message - RangeError: Invalid status code: 8000
    at new NodeError (node:internal/errors:372:5)
    at ServerResponse.writeHead (node:_http_server:275:11)
    at ServerResponse.writeHead (D:\Demo\awesome-project\node_modules\on-headers\index.js:44:26)
    at ServerResponse._implicitHeader (node:_http_server:266:8)
    at write_ (node:_http_outgoing:766:9)
    at ServerResponse.end (node:_http_outgoing:855:5)
    at ServerResponse.send (D:\Demo\awesome-project\node_modules\express\lib\response.js:232:10)
    at ServerResponse.json (D:\Demo\awesome-project\node_modules\express\lib\response.js:278:15)
    at appErrorHandler (D:\Demo\awesome-project\src\middlewares\/error.middleware.js:36:26)
    at Layer.handle_error (D:\Demo\awesome-project\node_modules\express\lib\router\layer.js:71:5)
    at trim_prefix (D:\Demo\awesome-project\node_modules\express\lib\router\index.js:326:13)
    at D:\Demo\awesome-project\node_modules\express\lib\router\index.js:286:9
    at Function.process_params (D:\Demo\awesome-project\node_modules\express\lib\router\index.js:346:12)
    at Immediate.next (D:\Demo\awesome-project\node_modules\express\lib\router\index.js:280:10)
    at Immediate._onImmediate (D:\Demo\awesome-project\node_modules\express\lib\router\index.js:646:15)
    at processImmediate (node:internal/timers:468:21) 
    url - /api/v1/users 
    method - POST 
    IP - ::1
   {"timestamp":"2023-02-16T06:29:58.686Z"}
info: Server started at http://localhost:5000/api/v1/ {"timestamp":"2023-02-16T06:47:45.810Z"}
info: Connected to the database. {"timestamp":"2023-02-16T06:47:45.817Z"}
info: Server started at http://localhost:5000/api/v1/ {"timestamp":"2023-02-16T06:50:12.069Z"}
info: Connected to the database. {"timestamp":"2023-02-16T06:50:12.080Z"}
info: Server started at http://localhost:3000/api/v1/ {"timestamp":"2023-02-16T06:51:18.960Z"}
info: Connected to the database. {"timestamp":"2023-02-16T06:51:18.970Z"}
error: 
    status - 500 
    message - MongooseError: Operation `users.insertOne()` buffering timed out after 10000ms
    at Timeout.<anonymous> (D:\Demo\awesome-project\node_modules\mongoose\lib\drivers\node-mongodb-native\collection.js:198:23)
    at listOnTimeout (node:internal/timers:559:17)
    at processTimers (node:internal/timers:502:7) 
    url - /api/v1/users 
    method - POST 
    IP - ::1
   {"timestamp":"2023-02-16T06:52:23.728Z"}
info: Server started at http://localhost:3000/api/v1/ {"timestamp":"2023-02-16T06:55:41.260Z"}
info: Connected to the database. {"timestamp":"2023-02-16T06:55:41.267Z"}
info: Server started at http://localhost:3000/api/v1/ {"timestamp":"2023-02-24T10:42:42.207Z"}
info: Connected to the database. {"timestamp":"2023-02-24T10:42:42.216Z"}
info: Server started at http://localhost:3000/api/v1/ {"timestamp":"2023-02-24T10:44:10.493Z"}
info: Connected to the database. {"timestamp":"2023-02-24T10:44:10.502Z"}
